This is XeTeX, Version 3.141592653-2.6-0.999996 (TeX Live 2024/nixos.org) (preloaded format=xelatex 1980.1.1)  24 MAR 2025 11:54
entering extended mode
 restricted \write18 enabled.
 %&-line parsing enabled.
**spot-on.tex
(./spot-on.tex
LaTeX2e <2024-06-01> patch level 2
L3 programming layer <2024-10-09>

(/nix/store/npj2d69a0dxgpxhz5v0kkh9qzz3ryhqm-texlive-combined-full-2024.2024102
7-texmfdist/tex/latex/memoir/memoir.cls
Document Class: memoir 2024/01/26 v3.8.2 configurable book, report, article doc
ument class

(/nix/store/npj2d69a0dxgpxhz5v0kkh9qzz3ryhqm-texlive-combined-full-2024.2024102
7-texmfdist/tex/latex/xpatch/xpatch.sty
(/nix/store/npj2d69a0dxgpxhz5v0kkh9qzz3ryhqm-texlive-combined-full-2024.2024102
7-texmfdist/tex/latex/l3kernel/expl3.sty
Package: expl3 2024-10-09 L3 programming layer (loader) 

(/nix/store/npj2d69a0dxgpxhz5v0kkh9qzz3ryhqm-texlive-combined-full-2024.2024102
7-texmfdist/tex/latex/l3backend/l3backend-xetex.def
File: l3backend-xetex.def 2024-05-08 L3 backend support: XeTeX
\g__graphics_track_int=\count190
\l__pdf_internal_box=\box52
\g__pdf_backend_annotation_int=\count191
\g__pdf_backend_link_int=\count192
))
Package: xpatch 2020/03/25 v0.3a Extending etoolbox patching commands

(/nix/store/npj2d69a0dxgpxhz5v0kkh9qzz3ryhqm-texlive-combined-full-2024.2024102
7-texmfdist/tex/latex/l3packages/xparse/xparse.sty
Package: xparse 2024-08-16 L3 Experimental document command parser
)
(/nix/store/npj2d69a0dxgpxhz5v0kkh9qzz3ryhqm-texlive-combined-full-2024.2024102
7-texmfdist/tex/latex/etoolbox/etoolbox.sty
Package: etoolbox 2020/10/05 v2.5k e-TeX tools for LaTeX (JAW)
\etb@tempcnta=\count193
))
\onelineskip=\skip49
\lxvchars=\skip50
\xlvchars=\skip51
\@memcnta=\count194
\c@@memmarkcntra=\count195

(/nix/store/npj2d69a0dxgpxhz5v0kkh9qzz3ryhqm-texlive-combined-full-2024.2024102
7-texmfdist/tex/generic/iftex/iftex.sty
Package: iftex 2022/02/03 v1.0f TeX engine tests
)
\trimtop=\skip52
\trimedge=\skip53

(/nix/store/npj2d69a0dxgpxhz5v0kkh9qzz3ryhqm-texlive-combined-full-2024.2024102
7-texmfdist/tex/latex/memoir/mem11.clo
File: mem11.clo 2022/07/29 v0.5 memoir class 11pt size option
)
\binding=\skip54
\spinemargin=\skip55
\foremargin=\skip56
\uppermargin=\skip57
\lowermargin=\skip58
\headdrop=\skip59
\normalrulethickness=\skip60
\mem@maxheadheight=\skip61
\mem@maxfootheight=\skip62
\headwidth=\skip63
\c@storedpagenumber=\count196
\memPD=\dimen141
\m@mabparskip=\skip64
\thanksmarkwidth=\skip65
\thanksmarksep=\skip66
\droptitle=\skip67
\c@book=\count197
\c@part=\count198
\c@chapter=\count199
\c@section=\count266
\c@subsection=\count267
\c@subsubsection=\count268
\c@paragraph=\count269
\c@subparagraph=\count270
\beforechapskip=\skip68
\midchapskip=\skip69
\afterchapskip=\skip70
\chapindent=\skip71
\bottomsectionskip=\skip72
\secindent=\skip73
\beforesecskip=\skip74
\aftersecskip=\skip75
\subsecindent=\skip76
\beforesubsecskip=\skip77
\aftersubsecskip=\skip78
\subsubsecindent=\skip79
\beforesubsubsecskip=\skip80
\aftersubsubsecskip=\skip81
\paraindent=\skip82
\beforeparaskip=\skip83
\afterparaskip=\skip84
\subparaindent=\skip85
\beforesubparaskip=\skip86
\aftersubparaskip=\skip87
\pfbreakskip=\skip88
\c@@ppsavesec=\count271
\c@@ppsaveapp=\count272
\ragrparindent=\dimen142
\everylistparindent=\dimen143
\parsepi=\skip89
\topsepi=\skip90
\itemsepi=\skip91
\parsepii=\skip92
\topsepii=\skip93
\topsepiii=\skip94
\itemsepii=\skip95
\itemsepiii=\skip96
\partopsepii=\skip97
\partopsepiii=\skip98
\m@msavetopsep=\skip99
\m@msavepartopsep=\skip100
\@enLab=\toks17
\abstitleskip=\skip101
\absleftindent=\skip102
\abs@leftindent=\dimen144
\absrightindent=\skip103
\absparindent=\skip104
\absparsep=\skip105
\c@vslineno=\count273
\c@poemline=\count274
\c@modulo@vs=\count275
\c@memfvsline=\count276
\vleftskip=\skip106
\vrightskip=\skip107
\stanzaskip=\skip108
\versewidth=\skip109
\vgap=\skip110
\vindent=\skip111
\vleftmargin=\dimen145
\c@verse=\count277
\c@chrsinstr=\count278
\beforepoemtitleskip=\skip112
\afterpoemtitleskip=\skip113
\c@poem=\count279
\beforePoemTitleskip=\skip114
\midPoemTitleskip=\skip115
\afterPoemTitleskip=\skip116

(/nix/store/npj2d69a0dxgpxhz5v0kkh9qzz3ryhqm-texlive-combined-full-2024.2024102
7-texmfdist/tex/latex/tools/array.sty
Package: array 2024/06/14 v2.6d Tabular extension package (FMi)
\col@sep=\dimen146
\ar@mcellbox=\box53
\extrarowheight=\dimen147
\NC@list=\toks18
\extratabsurround=\skip117
\backup@length=\skip118
\ar@cellbox=\box54
)
(/nix/store/npj2d69a0dxgpxhz5v0kkh9qzz3ryhqm-texlive-combined-full-2024.2024102
7-texmfdist/tex/latex/tools/dcolumn.sty
Package: dcolumn 2023/07/08 v1.06 decimal alignment package (DPC)
)
(/nix/store/npj2d69a0dxgpxhz5v0kkh9qzz3ryhqm-texlive-combined-full-2024.2024102
7-texmfdist/tex/latex/tools/delarray.sty
Package: delarray 2014/10/28 v1.01 array delimiter package (DPC)
)
(/nix/store/npj2d69a0dxgpxhz5v0kkh9qzz3ryhqm-texlive-combined-full-2024.2024102
7-texmfdist/tex/latex/tools/tabularx.sty
Package: tabularx 2023/12/11 v2.12a `tabularx' package (DPC)
\TX@col@width=\dimen148
\TX@old@table=\dimen149
\TX@old@col=\dimen150
\TX@target=\dimen151
\TX@delta=\dimen152
\TX@cols=\count280
\TX@ftn=\toks19
)
(/nix/store/npj2d69a0dxgpxhz5v0kkh9qzz3ryhqm-texlive-combined-full-2024.2024102
7-texmfdist/tex/latex/booktabs/booktabs.sty
Package: booktabs 2020/01/12 v1.61803398 Publication quality tables
\heavyrulewidth=\dimen153
\lightrulewidth=\dimen154
\cmidrulewidth=\dimen155
\belowrulesep=\dimen156
\belowbottomsep=\dimen157
\aboverulesep=\dimen158
\abovetopsep=\dimen159
\cmidrulesep=\dimen160
\cmidrulekern=\dimen161
\defaultaddspace=\dimen162
\@cmidla=\count281
\@cmidlb=\count282
\@aboverulesep=\dimen163
\@belowrulesep=\dimen164
\@thisruleclass=\count283
\@lastruleclass=\count284
\@thisrulewidth=\dimen165
)
\ctableftskip=\skip119
\ctabrightskip=\skip120
\abovecolumnspenalty=\count285
\@linestogo=\count286
\@cellstogo=\count287
\@cellsincolumn=\count288
\crtok=\toks20
\@mincolumnwidth=\dimen166
\c@newflo@tctr=\count289
\mem@margin@floatbox=\box55
\@contcwidth=\skip121
\@contindw=\skip122
\abovecaptionskip=\skip123
\belowcaptionskip=\skip124
\subfloattopskip=\skip125
\subfloatcapskip=\skip126
\subfloatcaptopadj=\skip127
\subfloatbottomskip=\skip128
\subfloatlabelskip=\skip129
\subfloatcapmargin=\dimen167
\c@@contsubnum=\count290
\m@mscap@capbox=\box56
\m@mscap@fbox=\box57
\sidecapsep=\dimen168
\sidecapwidth=\dimen169
\m@m@tempdima=\dimen170
\m@mscapraise=\dimen171
\sidecapraise=\dimen172
\m@mscapmainwidth=\dimen173
\m@mscaplkern=\dimen174
\beforeepigraphskip=\skip130
\afterepigraphskip=\skip131
\epigraphwidth=\skip132
\epigraphrule=\skip133
LaTeX Info: Redefining \em on input line 6932.
LaTeX Info: Redefining \emph on input line 6940.

(/nix/store/npj2d69a0dxgpxhz5v0kkh9qzz3ryhqm-texlive-combined-full-2024.2024102
7-texmfdist/tex/latex/hyperref/nameref.sty
Package: nameref 2023-11-26 v2.56 Cross-referencing by name of section

(/nix/store/npj2d69a0dxgpxhz5v0kkh9qzz3ryhqm-texlive-combined-full-2024.2024102
7-texmfdist/tex/latex/refcount/refcount.sty
Package: refcount 2019/12/15 v3.6 Data extraction from label references (HO)

(/nix/store/npj2d69a0dxgpxhz5v0kkh9qzz3ryhqm-texlive-combined-full-2024.2024102
7-texmfdist/tex/generic/ltxcmds/ltxcmds.sty
Package: ltxcmds 2023-12-04 v1.26 LaTeX kernel commands for general use (HO)
)
(/nix/store/npj2d69a0dxgpxhz5v0kkh9qzz3ryhqm-texlive-combined-full-2024.2024102
7-texmfdist/tex/generic/infwarerr/infwarerr.sty
Package: infwarerr 2019/12/03 v1.5 Providing info/warning/error messages (HO)
))
(/nix/store/npj2d69a0dxgpxhz5v0kkh9qzz3ryhqm-texlive-combined-full-2024.2024102
7-texmfdist/tex/generic/gettitlestring/gettitlestring.sty
Package: gettitlestring 2019/12/15 v1.6 Cleanup title references (HO)

(/nix/store/npj2d69a0dxgpxhz5v0kkh9qzz3ryhqm-texlive-combined-full-2024.2024102
7-texmfdist/tex/latex/kvoptions/kvoptions.sty
Package: kvoptions 2022-06-15 v3.15 Key value format for package options (HO)

(/nix/store/npj2d69a0dxgpxhz5v0kkh9qzz3ryhqm-texlive-combined-full-2024.2024102
7-texmfdist/tex/latex/graphics/keyval.sty
Package: keyval 2022/05/29 v1.15 key=value parser (DPC)
\KV@toks@=\toks21
)
(/nix/store/npj2d69a0dxgpxhz5v0kkh9qzz3ryhqm-texlive-combined-full-2024.2024102
7-texmfdist/tex/latex/kvsetkeys/kvsetkeys.sty
Package: kvsetkeys 2022-10-05 v1.19 Key value parser (HO)
)))
\c@section@level=\count291
)
\tocentryskip=\skip134
\tocbaseline=\skip135
\cftparskip=\skip136
\cftbeforebookskip=\skip137
\cftbookindent=\dimen175
\cftbooknumwidth=\dimen176
\cftbeforepartskip=\skip138
\cftpartindent=\skip139
\cftpartnumwidth=\skip140
\cftbeforechapterskip=\skip141
\cftchapterindent=\skip142
\cftchapternumwidth=\skip143
\cftbeforesectionskip=\skip144
\cftsectionindent=\skip145
\cftsectionnumwidth=\skip146
\cftbeforesubsectionskip=\skip147
\cftsubsectionindent=\skip148
\cftsubsectionnumwidth=\skip149
\cftbeforesubsubsectionskip=\skip150
\cftsubsubsectionindent=\skip151
\cftsubsubsectionnumwidth=\skip152
\cftbeforeparagraphskip=\skip153
\cftparagraphindent=\skip154
\cftparagraphnumwidth=\skip155
\cftbeforesubparagraphskip=\skip156
\cftsubparagraphindent=\skip157
\cftsubparagraphnumwidth=\skip158
\prechapterprecisshift=\dimen177
\c@maxsecnumdepth=\count292
\bibindent=\dimen178
\bibitemsep=\skip159
\indexcolsep=\skip160
\indexrule=\skip161
\indexmarkstyle=\toks22
\@indexbox=\insert252
LaTeX Info: Redefining \raggedbottom on input line 7935.
LaTeX Info: Redefining \flushbottom on input line 7939.
\glossarycolsep=\dimen179
\glossaryrule=\dimen180
\sideparvshift=\skip162
\sideins=\insert251
\sidebartopsep=\skip163
\sidebarhsep=\skip164
\sidebarvsep=\skip165
\sidebarwidth=\skip166
\footmarkwidth=\skip167
\footmarksep=\skip168
\footparindent=\skip169
\footinsdim=\skip170
\footinsv@r=\insert250
\@mpfootinsv@r=\insert249
\m@m@k=\count293
\m@m@h=\dimen181
\m@mipn@skip=\skip171
\sidefootins=\insert248
\sidefootadjust=\skip172
\sidefootheight=\skip173
\sidefoothsep=\skip174
\sidefootvsep=\skip175
\sidefootwidth=\skip176
\m@mdownsf=\skip177
\c@sidefootnote=\count294
\sidefootmarkwidth=\skip178
\sidefootmarksep=\skip179
\sidefootparindent=\skip180
\c@pagenote=\count295
\c@pagenoteshadow=\count296
\mem@pn@lastkern=\skip181

(/nix/store/npj2d69a0dxgpxhz5v0kkh9qzz3ryhqm-texlive-combined-full-2024.2024102
7-texmfdist/tex/latex/tools/verbatim.sty
Package: verbatim 2024-01-22 v1.5x LaTeX2e package for verbatim enhancements
\every@verbatim=\toks23
\verbatim@line=\toks24
\verbatim@in@stream=\read2
)
\verbatimindent=\skip182
\verbatim@out=\write3

(/nix/store/npj2d69a0dxgpxhz5v0kkh9qzz3ryhqm-texlive-combined-full-2024.2024102
7-texmfdist/tex/latex/base/shortvrb.sty
Package: shortvrb 2024/04/26 v3.0p Standard LaTeX documentation package V3 (FMi
)
)
\bvboxsep=\skip183
\c@memfbvline=\count297
\c@bvlinectr=\count298
\bvnumlength=\skip184
\fb@frw=\dimen182
\fb@frh=\dimen183
\FrameRule=\dimen184
\FrameSep=\dimen185
\c@cp@cntr=\count299
\c@ism@mctr=\count300
\c@xsm@mctr=\count301
\c@csm@mctr=\count302
\c@ksm@mctr=\count303
\c@xksm@mctr=\count304
\c@cksm@mctr=\count305
\c@msm@mctr=\count306
\c@xmsm@mctr=\count307
\c@cmsm@mctr=\count308
\c@bsm@mctr=\count309
\c@workm@mctr=\count310
\c@sheetsequence=\count311
\c@lastsheet=\count312
\c@lastpage=\count313

(/nix/store/npj2d69a0dxgpxhz5v0kkh9qzz3ryhqm-texlive-combined-full-2024.2024102
7-texmfdist/tex/latex/textcase/textcase.sty
Package: textcase 2023/07/27 v1.04 Text only upper/lower case changing (DPC)
Package textcase Info: Defining Legacy names on input line 20.
)
\c@figure=\count314
\c@lofdepth=\count315
\cftbeforefigureskip=\skip185
\cftfigureindent=\skip186
\cftfigurenumwidth=\skip187
\c@table=\count316
\c@lotdepth=\count317
\cftbeforetableskip=\skip188
\cfttableindent=\skip189
\cfttablenumwidth=\skip190
Package abstract [2008/07/23] emulated by memoir.
Package appendix [2008/07/23] emulated by memoir.
Package ccaption [2008/07/23] emulated by memoir.
Package changepage [2008/07/23] emulated by memoir.
Package chngcntr [2008/07/23] emulated by memoir.
Package chngpage [2008/07/23] emulated by memoir.
Package crop emulated by memoir.
Package enumerate [2008/07/23] emulated by memoir.
Package epigraph [2008/07/23] emulated by memoir.
Package ifmtarg [2008/07/23] emulated by memoir.
Package index [2008/07/23] emulated by memoir.
Package makeidx [2008/07/23] emulated by memoir.
Package moreverb [2008/07/23] emulated by memoir.
Package needspace [2008/07/23] emulated by memoir.
Package newfile [2008/07/23] emulated by memoir.
Package nextpage [2008/07/23] emulated by memoir.
Package pagenote [2008/07/23] emulated by memoir.
Package parskip [2008/07/23] emulated by memoir.
Package patchcmd [2008/07/23] emulated by memoir.
Package setspace [2008/07/23] emulated by memoir.
Package shortvrb [2008/07/23] emulated by memoir.
Package showidx [2008/07/23] emulated by memoir.
Package titleref [2008/07/23] emulated by memoir.
Package titling [2008/07/23] emulated by memoir.
Package tocbibind [2008/07/23] emulated by memoir.
Package tocloft [2008/07/23] emulated by memoir.
Package tocvsec2 [2008/07/23] emulated by memoir.
Package verbatim [2008/07/23] emulated by memoir.
Package verse [2008/07/23] emulated by memoir.
)
(/nix/store/npj2d69a0dxgpxhz5v0kkh9qzz3ryhqm-texlive-combined-full-2024.2024102
7-texmfdist/tex/latex/geometry/geometry.sty
Package: geometry 2020/01/02 v5.9 Page Geometry

(/nix/store/npj2d69a0dxgpxhz5v0kkh9qzz3ryhqm-texlive-combined-full-2024.2024102
7-texmfdist/tex/generic/iftex/ifvtex.sty
Package: ifvtex 2019/10/25 v1.7 ifvtex legacy package. Use iftex instead.
)
\Gm@cnth=\count318
\Gm@cntv=\count319
\c@Gm@tempcnt=\count320
\Gm@bindingoffset=\dimen186
\Gm@wd@mp=\dimen187
\Gm@odd@mp=\dimen188
\Gm@even@mp=\dimen189
\Gm@layoutwidth=\dimen190
\Gm@layoutheight=\dimen191
\Gm@layouthoffset=\dimen192
\Gm@layoutvoffset=\dimen193
\Gm@dimlist=\toks25
)
(/nix/store/npj2d69a0dxgpxhz5v0kkh9qzz3ryhqm-texlive-combined-full-2024.2024102
7-texmfdist/tex/xelatex/xltxtra/xltxtra.sty
Package: xltxtra 2018/12/31 v0.7 Improvements for the "XeLaTeX" format

(/nix/store/npj2d69a0dxgpxhz5v0kkh9qzz3ryhqm-texlive-combined-full-2024.2024102
7-texmfdist/tex/generic/iftex/ifluatex.sty
Package: ifluatex 2019/10/25 v1.5 ifluatex legacy package. Use iftex instead.
)
(/nix/store/npj2d69a0dxgpxhz5v0kkh9qzz3ryhqm-texlive-combined-full-2024.2024102
7-texmfdist/tex/generic/iftex/ifxetex.sty
Package: ifxetex 2019/10/25 v0.7 ifxetex legacy package. Use iftex instead.
)
(/nix/store/npj2d69a0dxgpxhz5v0kkh9qzz3ryhqm-texlive-combined-full-2024.2024102
7-texmfdist/tex/latex/fontspec/fontspec.sty
Package: fontspec 2024/05/11 v2.9e Font selection for XeLaTeX and LuaLaTeX

(/nix/store/npj2d69a0dxgpxhz5v0kkh9qzz3ryhqm-texlive-combined-full-2024.2024102
7-texmfdist/tex/latex/fontspec/fontspec-xetex.sty
Package: fontspec-xetex 2024/05/11 v2.9e Font selection for XeLaTeX and LuaLaTe
X
\l__fontspec_script_int=\count321
\l__fontspec_language_int=\count322
\l__fontspec_strnum_int=\count323
\l__fontspec_tmp_int=\count324
\l__fontspec_tmpa_int=\count325
\l__fontspec_tmpb_int=\count326
\l__fontspec_tmpc_int=\count327
\l__fontspec_em_int=\count328
\l__fontspec_emdef_int=\count329
\l__fontspec_strong_int=\count330
\l__fontspec_strongdef_int=\count331
\l__fontspec_tmpa_dim=\dimen194
\l__fontspec_tmpb_dim=\dimen195
\l__fontspec_tmpc_dim=\dimen196

(/nix/store/npj2d69a0dxgpxhz5v0kkh9qzz3ryhqm-texlive-combined-full-2024.2024102
7-texmfdist/tex/latex/base/fontenc.sty
Package: fontenc 2021/04/29 v2.0v Standard LaTeX package
)
(/nix/store/npj2d69a0dxgpxhz5v0kkh9qzz3ryhqm-texlive-combined-full-2024.2024102
7-texmfdist/tex/latex/fontspec/fontspec.cfg)))
(/nix/store/npj2d69a0dxgpxhz5v0kkh9qzz3ryhqm-texlive-combined-full-2024.2024102
7-texmfdist/tex/latex/realscripts/realscripts.sty
Package: realscripts 2016/02/13 v0.3d Access OpenType subscripts and superscrip
ts
\subsupersep=\dimen197
)
(/nix/store/npj2d69a0dxgpxhz5v0kkh9qzz3ryhqm-texlive-combined-full-2024.2024102
7-texmfdist/tex/latex/metalogo/metalogo.sty
Package: metalogo 2010/05/29 v0.12 Extended TeX logo macros

(/nix/store/npj2d69a0dxgpxhz5v0kkh9qzz3ryhqm-texlive-combined-full-2024.2024102
7-texmfdist/tex/latex/graphics/graphicx.sty
Package: graphicx 2021/09/16 v1.2d Enhanced LaTeX Graphics (DPC,SPQR)

(/nix/store/npj2d69a0dxgpxhz5v0kkh9qzz3ryhqm-texlive-combined-full-2024.2024102
7-texmfdist/tex/latex/graphics/graphics.sty
Package: graphics 2024/05/23 v1.4g Standard LaTeX Graphics (DPC,SPQR)

(/nix/store/npj2d69a0dxgpxhz5v0kkh9qzz3ryhqm-texlive-combined-full-2024.2024102
7-texmfdist/tex/latex/graphics/trig.sty
Package: trig 2023/12/02 v1.11 sin cos tan (DPC)
)
(/nix/store/npj2d69a0dxgpxhz5v0kkh9qzz3ryhqm-texlive-combined-full-2024.2024102
7-texmfdist/tex/latex/graphics-cfg/graphics.cfg
File: graphics.cfg 2016/06/04 v1.11 sample graphics configuration
)
Package graphics Info: Driver file: xetex.def on input line 106.

(/nix/store/npj2d69a0dxgpxhz5v0kkh9qzz3ryhqm-texlive-combined-full-2024.2024102
7-texmfdist/tex/latex/graphics-def/xetex.def
File: xetex.def 2022/09/22 v5.0n Graphics/color driver for xetex
))
\Gin@req@height=\dimen198
\Gin@req@width=\dimen199
)
\xl@everylogo=\toks26
\xl@@everylogo=\toks27
LaTeX Info: Redefining \TeX on input line 193.
LaTeX Info: Redefining \LaTeX on input line 202.
LaTeX Info: Redefining \LaTeXe on input line 219.
)
\l__xetex_show_hyphens_wrapping_box=\box58
\l__xetex_show_hyphens_temp_box=\box59
\l__xetex_show_hyphens_final_box=\box60
\g__xetex_show_hyphens_word_box=\box61
)
(/nix/store/npj2d69a0dxgpxhz5v0kkh9qzz3ryhqm-texlive-combined-full-2024.2024102
7-texmfdist/tex/xelatex/xunicode/xunicode.sty
File: xunicode.sty 2011/09/09 v0.981 provides access to latin accents and many 
other characters in Unicode lower plane

(/nix/store/npj2d69a0dxgpxhz5v0kkh9qzz3ryhqm-texlive-combined-full-2024.2024102
7-texmfdist/tex/latex/tipa/t3enc.def
File: t3enc.def 2001/12/31 T3 encoding
)
\tipaTiiicode=\count332
\tipasavetokens=\toks28
\tipachecktokens=\toks29
)

Package fontspec Info: 
(fontspec)             Source Sans Pro scale = 0.8868289158284685.


Package fontspec Info: 
(fontspec)             Source Sans Pro scale = 0.8868289158284685.


Package fontspec Info: 
(fontspec)             Source Sans Pro scale = 0.8868289158284685.


Package fontspec Info: 
(fontspec)             Source Sans Pro/B scale = 0.8689498230038771.


Package fontspec Info: 
(fontspec)             Source Sans Pro/B scale = 0.8689498230038771.


Package fontspec Info: 
(fontspec)             Source Sans Pro/I scale = 0.8868289158284685.


Package fontspec Info: 
(fontspec)             Source Sans Pro/BI scale = 0.8689498230038771.


Package fontspec Info: 
(fontspec)             Font family 'SourceSansPro(0)' created for font 'Source
(fontspec)             Sans Pro' with options
(fontspec)             [Scale=MatchLowercase,Ligatures=TeX,Numbers=Uppercase].
(fontspec)              
(fontspec)              This font family consists of the following NFSS
(fontspec)             series/shapes:
(fontspec)              
(fontspec)             - 'normal' (m/n) with NFSS spec.:
(fontspec)             <->s*[0.8868289158284685]"Source Sans
(fontspec)             Pro/OT:script=latn;language=dflt;+lnum;mapping=tex-text;
"
(fontspec)             - 'small caps'  (m/sc) with NFSS spec.:
(fontspec)             <->s*[0.8868289158284685]"Source Sans
(fontspec)             Pro/OT:script=latn;language=dflt;+lnum;+smcp;mapping=tex
-text;"
(fontspec)             - 'bold' (b/n) with NFSS spec.:
(fontspec)             <->s*[0.8689498230038771]"Source Sans
(fontspec)             Pro/B/OT:script=latn;language=dflt;+lnum;mapping=tex-tex
t;"
(fontspec)             - 'bold small caps'  (b/sc) with NFSS spec.:
(fontspec)             <->s*[0.8689498230038771]"Source Sans
(fontspec)             Pro/B/OT:script=latn;language=dflt;+lnum;+smcp;mapping=t
ex-text;"
(fontspec)             - 'italic' (m/it) with NFSS spec.:
(fontspec)             <->s*[0.8868289158284685]"Source Sans
(fontspec)             Pro/I/OT:script=latn;language=dflt;+lnum;mapping=tex-tex
t;"
(fontspec)             - 'bold italic' (b/it) with NFSS spec.:
(fontspec)             <->s*[0.8689498230038771]"Source Sans
(fontspec)             Pro/BI/OT:script=latn;language=dflt;+lnum;mapping=tex-te
xt;"

LaTeX Font Info:    Font shape `TU/SourceSansPro(0)/m/n' will be
(Font)              scaled to size 9.71072pt on input line 17.

(/nix/store/npj2d69a0dxgpxhz5v0kkh9qzz3ryhqm-texlive-combined-full-2024.2024102
7-texmfdist/tex/latex/hyperref/hyperref.sty
Package: hyperref 2024-07-10 v7.01j Hypertext links for LaTeX

(/nix/store/npj2d69a0dxgpxhz5v0kkh9qzz3ryhqm-texlive-combined-full-2024.2024102
7-texmfdist/tex/generic/kvdefinekeys/kvdefinekeys.sty
Package: kvdefinekeys 2019-12-19 v1.6 Define keys (HO)
)
(/nix/store/npj2d69a0dxgpxhz5v0kkh9qzz3ryhqm-texlive-combined-full-2024.2024102
7-texmfdist/tex/generic/pdfescape/pdfescape.sty
Package: pdfescape 2019/12/09 v1.15 Implements pdfTeX's escape features (HO)

(/nix/store/npj2d69a0dxgpxhz5v0kkh9qzz3ryhqm-texlive-combined-full-2024.2024102
7-texmfdist/tex/generic/pdftexcmds/pdftexcmds.sty
Package: pdftexcmds 2020-06-27 v0.33 Utility functions of pdfTeX for LuaTeX (HO
)
Package pdftexcmds Info: \pdf@primitive is available.
Package pdftexcmds Info: \pdf@ifprimitive is available.
Package pdftexcmds Info: \pdfdraftmode not found.
))
(/nix/store/npj2d69a0dxgpxhz5v0kkh9qzz3ryhqm-texlive-combined-full-2024.2024102
7-texmfdist/tex/latex/hycolor/hycolor.sty
Package: hycolor 2020-01-27 v1.10 Color options for hyperref/bookmark (HO)
)
(/nix/store/npj2d69a0dxgpxhz5v0kkh9qzz3ryhqm-texlive-combined-full-2024.2024102
7-texmfdist/tex/generic/stringenc/stringenc.sty
Package: stringenc 2019/11/29 v1.12 Convert strings between diff. encodings (HO
)
)
\@linkdim=\dimen256
\Hy@linkcounter=\count333
\Hy@pagecounter=\count334

(/nix/store/npj2d69a0dxgpxhz5v0kkh9qzz3ryhqm-texlive-combined-full-2024.2024102
7-texmfdist/tex/latex/hyperref/pd1enc.def
File: pd1enc.def 2024-07-10 v7.01j Hyperref: PDFDocEncoding definition (HO)
)
(/nix/store/npj2d69a0dxgpxhz5v0kkh9qzz3ryhqm-texlive-combined-full-2024.2024102
7-texmfdist/tex/generic/intcalc/intcalc.sty
Package: intcalc 2019/12/15 v1.3 Expandable calculations with integers (HO)
)
\Hy@SavedSpaceFactor=\count335

(/nix/store/npj2d69a0dxgpxhz5v0kkh9qzz3ryhqm-texlive-combined-full-2024.2024102
7-texmfdist/tex/latex/hyperref/puenc.def
File: puenc.def 2024-07-10 v7.01j Hyperref: PDF Unicode definition (HO)

(/nix/store/npj2d69a0dxgpxhz5v0kkh9qzz3ryhqm-texlive-combined-full-2024.2024102
7-texmfdist/tex/latex/greek-fontenc/puenc-greek.def
File: puenc-greek.def 2023-09-12 2.5 Greek LICRs for PDF strings

(/nix/store/npj2d69a0dxgpxhz5v0kkh9qzz3ryhqm-texlive-combined-full-2024.2024102
7-texmfdist/tex/latex/greek-fontenc/greek-fontenc.def
File: greek-fontenc.def 2023-09-12 2.5 Common Greek font encoding definitions
)))
Package hyperref Info: Hyper figures OFF on input line 4157.
Package hyperref Info: Link nesting OFF on input line 4162.
Package hyperref Info: Hyper index ON on input line 4165.
Package hyperref Info: Plain pages OFF on input line 4172.
Package hyperref Info: Backreferencing OFF on input line 4177.
Package hyperref Info: Implicit mode ON; LaTeX internals redefined.
Package hyperref Info: Bookmarks ON on input line 4424.
\c@Hy@tempcnt=\count336

(/nix/store/npj2d69a0dxgpxhz5v0kkh9qzz3ryhqm-texlive-combined-full-2024.2024102
7-texmfdist/tex/latex/url/url.sty
\Urlmuskip=\muskip17
Package: url 2013/09/16  ver 3.4  Verb mode for urls, etc.
)
LaTeX Info: Redefining \url on input line 4763.
\XeTeXLinkMargin=\dimen257

(/nix/store/npj2d69a0dxgpxhz5v0kkh9qzz3ryhqm-texlive-combined-full-2024.2024102
7-texmfdist/tex/generic/bitset/bitset.sty
Package: bitset 2019/12/09 v1.3 Handle bit-vector datatype (HO)

(/nix/store/npj2d69a0dxgpxhz5v0kkh9qzz3ryhqm-texlive-combined-full-2024.2024102
7-texmfdist/tex/generic/bigintcalc/bigintcalc.sty
Package: bigintcalc 2019/12/15 v1.5 Expandable calculations on big integers (HO
)
))
\Fld@menulength=\count337
\Field@Width=\dimen258
\Fld@charsize=\dimen259
Package hyperref Info: Hyper figures OFF on input line 6042.
Package hyperref Info: Link nesting OFF on input line 6047.
Package hyperref Info: Hyper index ON on input line 6050.
Package hyperref Info: backreferencing OFF on input line 6057.
Package hyperref Info: Link coloring OFF on input line 6062.
Package hyperref Info: Link coloring with OCG OFF on input line 6067.
Package hyperref Info: PDF/A mode OFF on input line 6072.

(/nix/store/npj2d69a0dxgpxhz5v0kkh9qzz3ryhqm-texlive-combined-full-2024.2024102
7-texmfdist/tex/latex/base/atbegshi-ltx.sty
Package: atbegshi-ltx 2021/01/10 v1.0c Emulation of the original atbegshi
package with kernel methods
)
\Hy@abspage=\count338
\c@Item=\count339
\c@Hfootnote=\count340
)
Package hyperref Info: Driver (autodetected): hxetex.

(/nix/store/npj2d69a0dxgpxhz5v0kkh9qzz3ryhqm-texlive-combined-full-2024.2024102
7-texmfdist/tex/latex/hyperref/hxetex.def
File: hxetex.def 2024-07-10 v7.01j Hyperref driver for XeTeX
\pdfm@box=\box62
\c@Hy@AnnotLevel=\count341
\HyField@AnnotCount=\count342
\Fld@listcount=\count343
\c@bookmark@seq@number=\count344

(/nix/store/npj2d69a0dxgpxhz5v0kkh9qzz3ryhqm-texlive-combined-full-2024.2024102
7-texmfdist/tex/latex/rerunfilecheck/rerunfilecheck.sty
Package: rerunfilecheck 2022-07-10 v1.10 Rerun checks for auxiliary files (HO)

(/nix/store/npj2d69a0dxgpxhz5v0kkh9qzz3ryhqm-texlive-combined-full-2024.2024102
7-texmfdist/tex/latex/base/atveryend-ltx.sty
Package: atveryend-ltx 2020/08/19 v1.0a Emulation of the original atveryend pac
kage
with kernel methods
)
(/nix/store/npj2d69a0dxgpxhz5v0kkh9qzz3ryhqm-texlive-combined-full-2024.2024102
7-texmfdist/tex/generic/uniquecounter/uniquecounter.sty
Package: uniquecounter 2019/12/15 v1.4 Provide unlimited unique counter (HO)
)
Package uniquecounter Info: New unique counter `rerunfilecheck' on input line 2
85.
)
\Hy@SectionHShift=\skip191
)
(/nix/store/npj2d69a0dxgpxhz5v0kkh9qzz3ryhqm-texlive-combined-full-2024.2024102
7-texmfdist/tex/latex/memoir/memhfixc.sty
Package: memhfixc 2023/09/10 v1.22 hyperref package fixes for memoir class
\c@memhycontfloat=\count345
\c@Hpagenote=\count346
)
(/nix/store/npj2d69a0dxgpxhz5v0kkh9qzz3ryhqm-texlive-combined-full-2024.2024102
7-texmfdist/tex/latex/xcolor/xcolor.sty
Package: xcolor 2024/09/29 v3.02 LaTeX color extensions (UK)

(/nix/store/npj2d69a0dxgpxhz5v0kkh9qzz3ryhqm-texlive-combined-full-2024.2024102
7-texmfdist/tex/latex/graphics-cfg/color.cfg
File: color.cfg 2016/01/02 v1.6 sample color configuration
)
Package xcolor Info: Driver file: xetex.def on input line 274.

(/nix/store/npj2d69a0dxgpxhz5v0kkh9qzz3ryhqm-texlive-combined-full-2024.2024102
7-texmfdist/tex/latex/graphics/mathcolor.ltx)
Package xcolor Info: Model `cmy' substituted by `cmy0' on input line 1349.
Package xcolor Info: Model `RGB' extended on input line 1365.
Package xcolor Info: Model `HTML' substituted by `rgb' on input line 1367.
Package xcolor Info: Model `Hsb' substituted by `hsb' on input line 1368.
Package xcolor Info: Model `tHsb' substituted by `hsb' on input line 1369.
Package xcolor Info: Model `HSB' substituted by `hsb' on input line 1370.
Package xcolor Info: Model `Gray' substituted by `gray' on input line 1371.
Package xcolor Info: Model `wave' substituted by `hsb' on input line 1372.
)
(/nix/store/npj2d69a0dxgpxhz5v0kkh9qzz3ryhqm-texlive-combined-full-2024.2024102
7-texmfdist/tex/latex/xifthen/xifthen.sty
Package: xifthen 2015/11/05 v1.4.0 Extended ifthen features

(/nix/store/npj2d69a0dxgpxhz5v0kkh9qzz3ryhqm-texlive-combined-full-2024.2024102
7-texmfdist/tex/latex/tools/calc.sty
Package: calc 2023/07/08 v4.3 Infix arithmetic (KKT,FJ)
\calc@Acount=\count347
\calc@Bcount=\count348
\calc@Adimen=\dimen260
\calc@Bdimen=\dimen261
\calc@Askip=\skip192
\calc@Bskip=\skip193
LaTeX Info: Redefining \setlength on input line 80.
LaTeX Info: Redefining \addtolength on input line 81.
\calc@Ccount=\count349
\calc@Cskip=\skip194
)
(/nix/store/npj2d69a0dxgpxhz5v0kkh9qzz3ryhqm-texlive-combined-full-2024.2024102
7-texmfdist/tex/latex/base/ifthen.sty
Package: ifthen 2024/03/16 v1.1e Standard LaTeX ifthen package (DPC)
))
(/nix/store/npj2d69a0dxgpxhz5v0kkh9qzz3ryhqm-texlive-combined-full-2024.2024102
7-texmfdist/tex/latex/fancyhdr/fancyhdr.sty
Package: fancyhdr 2024/07/23 v4.3.1 Extensive control of page headers and foote
rs
\f@nch@headwidth=\skip195
\f@nch@O@elh=\skip196
\f@nch@O@erh=\skip197
\f@nch@O@olh=\skip198
\f@nch@O@orh=\skip199
\f@nch@O@elf=\skip256
\f@nch@O@erf=\skip257
\f@nch@O@olf=\skip258
\f@nch@O@orf=\skip259
)
(/nix/store/npj2d69a0dxgpxhz5v0kkh9qzz3ryhqm-texlive-combined-full-2024.2024102
7-texmfdist/tex/latex/pgf/frontendlayer/tikz.sty
(/nix/store/npj2d69a0dxgpxhz5v0kkh9qzz3ryhqm-texlive-combined-full-2024.2024102
7-texmfdist/tex/latex/pgf/basiclayer/pgf.sty
(/nix/store/npj2d69a0dxgpxhz5v0kkh9qzz3ryhqm-texlive-combined-full-2024.2024102
7-texmfdist/tex/latex/pgf/utilities/pgfrcs.sty
(/nix/store/npj2d69a0dxgpxhz5v0kkh9qzz3ryhqm-texlive-combined-full-2024.2024102
7-texmfdist/tex/generic/pgf/utilities/pgfutil-common.tex
\pgfutil@everybye=\toks30
\pgfutil@tempdima=\dimen262
\pgfutil@tempdimb=\dimen263
)
(/nix/store/npj2d69a0dxgpxhz5v0kkh9qzz3ryhqm-texlive-combined-full-2024.2024102
7-texmfdist/tex/generic/pgf/utilities/pgfutil-latex.def
\pgfutil@abb=\box63
)
(/nix/store/npj2d69a0dxgpxhz5v0kkh9qzz3ryhqm-texlive-combined-full-2024.2024102
7-texmfdist/tex/generic/pgf/utilities/pgfrcs.code.tex
(/nix/store/npj2d69a0dxgpxhz5v0kkh9qzz3ryhqm-texlive-combined-full-2024.2024102
7-texmfdist/tex/generic/pgf/pgf.revision.tex)
Package: pgfrcs 2023-01-15 v3.1.10 (3.1.10)
))
Package: pgf 2023-01-15 v3.1.10 (3.1.10)

(/nix/store/npj2d69a0dxgpxhz5v0kkh9qzz3ryhqm-texlive-combined-full-2024.2024102
7-texmfdist/tex/latex/pgf/basiclayer/pgfcore.sty
(/nix/store/npj2d69a0dxgpxhz5v0kkh9qzz3ryhqm-texlive-combined-full-2024.2024102
7-texmfdist/tex/latex/pgf/systemlayer/pgfsys.sty
(/nix/store/npj2d69a0dxgpxhz5v0kkh9qzz3ryhqm-texlive-combined-full-2024.2024102
7-texmfdist/tex/generic/pgf/systemlayer/pgfsys.code.tex
Package: pgfsys 2023-01-15 v3.1.10 (3.1.10)

(/nix/store/npj2d69a0dxgpxhz5v0kkh9qzz3ryhqm-texlive-combined-full-2024.2024102
7-texmfdist/tex/generic/pgf/utilities/pgfkeys.code.tex
\pgfkeys@pathtoks=\toks31
\pgfkeys@temptoks=\toks32

(/nix/store/npj2d69a0dxgpxhz5v0kkh9qzz3ryhqm-texlive-combined-full-2024.2024102
7-texmfdist/tex/generic/pgf/utilities/pgfkeyslibraryfiltered.code.tex
\pgfkeys@tmptoks=\toks33
))
\pgf@x=\dimen264
\pgf@y=\dimen265
\pgf@xa=\dimen266
\pgf@ya=\dimen267
\pgf@xb=\dimen268
\pgf@yb=\dimen269
\pgf@xc=\dimen270
\pgf@yc=\dimen271
\pgf@xd=\dimen272
\pgf@yd=\dimen273
\w@pgf@writea=\write4
\r@pgf@reada=\read3
\c@pgf@counta=\count350
\c@pgf@countb=\count351
\c@pgf@countc=\count352
\c@pgf@countd=\count353
\t@pgf@toka=\toks34
\t@pgf@tokb=\toks35
\t@pgf@tokc=\toks36
\pgf@sys@id@count=\count354

(/nix/store/npj2d69a0dxgpxhz5v0kkh9qzz3ryhqm-texlive-combined-full-2024.2024102
7-texmfdist/tex/generic/pgf/systemlayer/pgf.cfg
File: pgf.cfg 2023-01-15 v3.1.10 (3.1.10)
)
Driver file for pgf: pgfsys-xetex.def

(/nix/store/npj2d69a0dxgpxhz5v0kkh9qzz3ryhqm-texlive-combined-full-2024.2024102
7-texmfdist/tex/generic/pgf/systemlayer/pgfsys-xetex.def
File: pgfsys-xetex.def 2023-01-15 v3.1.10 (3.1.10)

(/nix/store/npj2d69a0dxgpxhz5v0kkh9qzz3ryhqm-texlive-combined-full-2024.2024102
7-texmfdist/tex/generic/pgf/systemlayer/pgfsys-dvipdfmx.def
File: pgfsys-dvipdfmx.def 2023-01-15 v3.1.10 (3.1.10)

(/nix/store/npj2d69a0dxgpxhz5v0kkh9qzz3ryhqm-texlive-combined-full-2024.2024102
7-texmfdist/tex/generic/pgf/systemlayer/pgfsys-common-pdf.def
File: pgfsys-common-pdf.def 2023-01-15 v3.1.10 (3.1.10)
)
\pgfsys@objnum=\count355
)))
(/nix/store/npj2d69a0dxgpxhz5v0kkh9qzz3ryhqm-texlive-combined-full-2024.2024102
7-texmfdist/tex/generic/pgf/systemlayer/pgfsyssoftpath.code.tex
File: pgfsyssoftpath.code.tex 2023-01-15 v3.1.10 (3.1.10)
\pgfsyssoftpath@smallbuffer@items=\count356
\pgfsyssoftpath@bigbuffer@items=\count357
)
(/nix/store/npj2d69a0dxgpxhz5v0kkh9qzz3ryhqm-texlive-combined-full-2024.2024102
7-texmfdist/tex/generic/pgf/systemlayer/pgfsysprotocol.code.tex
File: pgfsysprotocol.code.tex 2023-01-15 v3.1.10 (3.1.10)
))
(/nix/store/npj2d69a0dxgpxhz5v0kkh9qzz3ryhqm-texlive-combined-full-2024.2024102
7-texmfdist/tex/generic/pgf/basiclayer/pgfcore.code.tex
Package: pgfcore 2023-01-15 v3.1.10 (3.1.10)

(/nix/store/npj2d69a0dxgpxhz5v0kkh9qzz3ryhqm-texlive-combined-full-2024.2024102
7-texmfdist/tex/generic/pgf/math/pgfmath.code.tex
(/nix/store/npj2d69a0dxgpxhz5v0kkh9qzz3ryhqm-texlive-combined-full-2024.2024102
7-texmfdist/tex/generic/pgf/math/pgfmathutil.code.tex)
(/nix/store/npj2d69a0dxgpxhz5v0kkh9qzz3ryhqm-texlive-combined-full-2024.2024102
7-texmfdist/tex/generic/pgf/math/pgfmathparser.code.tex
\pgfmath@dimen=\dimen274
\pgfmath@count=\count358
\pgfmath@box=\box64
\pgfmath@toks=\toks37
\pgfmath@stack@operand=\toks38
\pgfmath@stack@operation=\toks39
)
(/nix/store/npj2d69a0dxgpxhz5v0kkh9qzz3ryhqm-texlive-combined-full-2024.2024102
7-texmfdist/tex/generic/pgf/math/pgfmathfunctions.code.tex)
(/nix/store/npj2d69a0dxgpxhz5v0kkh9qzz3ryhqm-texlive-combined-full-2024.2024102
7-texmfdist/tex/generic/pgf/math/pgfmathfunctions.basic.code.tex)
(/nix/store/npj2d69a0dxgpxhz5v0kkh9qzz3ryhqm-texlive-combined-full-2024.2024102
7-texmfdist/tex/generic/pgf/math/pgfmathfunctions.trigonometric.code.tex)
(/nix/store/npj2d69a0dxgpxhz5v0kkh9qzz3ryhqm-texlive-combined-full-2024.2024102
7-texmfdist/tex/generic/pgf/math/pgfmathfunctions.random.code.tex)
(/nix/store/npj2d69a0dxgpxhz5v0kkh9qzz3ryhqm-texlive-combined-full-2024.2024102
7-texmfdist/tex/generic/pgf/math/pgfmathfunctions.comparison.code.tex)
(/nix/store/npj2d69a0dxgpxhz5v0kkh9qzz3ryhqm-texlive-combined-full-2024.2024102
7-texmfdist/tex/generic/pgf/math/pgfmathfunctions.base.code.tex)
(/nix/store/npj2d69a0dxgpxhz5v0kkh9qzz3ryhqm-texlive-combined-full-2024.2024102
7-texmfdist/tex/generic/pgf/math/pgfmathfunctions.round.code.tex)
(/nix/store/npj2d69a0dxgpxhz5v0kkh9qzz3ryhqm-texlive-combined-full-2024.2024102
7-texmfdist/tex/generic/pgf/math/pgfmathfunctions.misc.code.tex)
(/nix/store/npj2d69a0dxgpxhz5v0kkh9qzz3ryhqm-texlive-combined-full-2024.2024102
7-texmfdist/tex/generic/pgf/math/pgfmathfunctions.integerarithmetics.code.tex)
(/nix/store/npj2d69a0dxgpxhz5v0kkh9qzz3ryhqm-texlive-combined-full-2024.2024102
7-texmfdist/tex/generic/pgf/math/pgfmathcalc.code.tex)
(/nix/store/npj2d69a0dxgpxhz5v0kkh9qzz3ryhqm-texlive-combined-full-2024.2024102
7-texmfdist/tex/generic/pgf/math/pgfmathfloat.code.tex
\c@pgfmathroundto@lastzeros=\count359
))
(/nix/store/npj2d69a0dxgpxhz5v0kkh9qzz3ryhqm-texlive-combined-full-2024.2024102
7-texmfdist/tex/generic/pgf/math/pgfint.code.tex)
(/nix/store/npj2d69a0dxgpxhz5v0kkh9qzz3ryhqm-texlive-combined-full-2024.2024102
7-texmfdist/tex/generic/pgf/basiclayer/pgfcorepoints.code.tex
File: pgfcorepoints.code.tex 2023-01-15 v3.1.10 (3.1.10)
\pgf@picminx=\dimen275
\pgf@picmaxx=\dimen276
\pgf@picminy=\dimen277
\pgf@picmaxy=\dimen278
\pgf@pathminx=\dimen279
\pgf@pathmaxx=\dimen280
\pgf@pathminy=\dimen281
\pgf@pathmaxy=\dimen282
\pgf@xx=\dimen283
\pgf@xy=\dimen284
\pgf@yx=\dimen285
\pgf@yy=\dimen286
\pgf@zx=\dimen287
\pgf@zy=\dimen288
)
(/nix/store/npj2d69a0dxgpxhz5v0kkh9qzz3ryhqm-texlive-combined-full-2024.2024102
7-texmfdist/tex/generic/pgf/basiclayer/pgfcorepathconstruct.code.tex
File: pgfcorepathconstruct.code.tex 2023-01-15 v3.1.10 (3.1.10)
\pgf@path@lastx=\dimen289
\pgf@path@lasty=\dimen290
)
(/nix/store/npj2d69a0dxgpxhz5v0kkh9qzz3ryhqm-texlive-combined-full-2024.2024102
7-texmfdist/tex/generic/pgf/basiclayer/pgfcorepathusage.code.tex
File: pgfcorepathusage.code.tex 2023-01-15 v3.1.10 (3.1.10)
\pgf@shorten@end@additional=\dimen291
\pgf@shorten@start@additional=\dimen292
)
(/nix/store/npj2d69a0dxgpxhz5v0kkh9qzz3ryhqm-texlive-combined-full-2024.2024102
7-texmfdist/tex/generic/pgf/basiclayer/pgfcorescopes.code.tex
File: pgfcorescopes.code.tex 2023-01-15 v3.1.10 (3.1.10)
\pgfpic=\box65
\pgf@hbox=\box66
\pgf@layerbox@main=\box67
\pgf@picture@serial@count=\count360
)
(/nix/store/npj2d69a0dxgpxhz5v0kkh9qzz3ryhqm-texlive-combined-full-2024.2024102
7-texmfdist/tex/generic/pgf/basiclayer/pgfcoregraphicstate.code.tex
File: pgfcoregraphicstate.code.tex 2023-01-15 v3.1.10 (3.1.10)
\pgflinewidth=\dimen293
)
(/nix/store/npj2d69a0dxgpxhz5v0kkh9qzz3ryhqm-texlive-combined-full-2024.2024102
7-texmfdist/tex/generic/pgf/basiclayer/pgfcoretransformations.code.tex
File: pgfcoretransformations.code.tex 2023-01-15 v3.1.10 (3.1.10)
\pgf@pt@x=\dimen294
\pgf@pt@y=\dimen295
\pgf@pt@temp=\dimen296
)
(/nix/store/npj2d69a0dxgpxhz5v0kkh9qzz3ryhqm-texlive-combined-full-2024.2024102
7-texmfdist/tex/generic/pgf/basiclayer/pgfcorequick.code.tex
File: pgfcorequick.code.tex 2023-01-15 v3.1.10 (3.1.10)
)
(/nix/store/npj2d69a0dxgpxhz5v0kkh9qzz3ryhqm-texlive-combined-full-2024.2024102
7-texmfdist/tex/generic/pgf/basiclayer/pgfcoreobjects.code.tex
File: pgfcoreobjects.code.tex 2023-01-15 v3.1.10 (3.1.10)
)
(/nix/store/npj2d69a0dxgpxhz5v0kkh9qzz3ryhqm-texlive-combined-full-2024.2024102
7-texmfdist/tex/generic/pgf/basiclayer/pgfcorepathprocessing.code.tex
File: pgfcorepathprocessing.code.tex 2023-01-15 v3.1.10 (3.1.10)
)
(/nix/store/npj2d69a0dxgpxhz5v0kkh9qzz3ryhqm-texlive-combined-full-2024.2024102
7-texmfdist/tex/generic/pgf/basiclayer/pgfcorearrows.code.tex
File: pgfcorearrows.code.tex 2023-01-15 v3.1.10 (3.1.10)
\pgfarrowsep=\dimen297
)
(/nix/store/npj2d69a0dxgpxhz5v0kkh9qzz3ryhqm-texlive-combined-full-2024.2024102
7-texmfdist/tex/generic/pgf/basiclayer/pgfcoreshade.code.tex
File: pgfcoreshade.code.tex 2023-01-15 v3.1.10 (3.1.10)
\pgf@max=\dimen298
\pgf@sys@shading@range@num=\count361
\pgf@shadingcount=\count362
)
(/nix/store/npj2d69a0dxgpxhz5v0kkh9qzz3ryhqm-texlive-combined-full-2024.2024102
7-texmfdist/tex/generic/pgf/basiclayer/pgfcoreimage.code.tex
File: pgfcoreimage.code.tex 2023-01-15 v3.1.10 (3.1.10)
)
(/nix/store/npj2d69a0dxgpxhz5v0kkh9qzz3ryhqm-texlive-combined-full-2024.2024102
7-texmfdist/tex/generic/pgf/basiclayer/pgfcoreexternal.code.tex
File: pgfcoreexternal.code.tex 2023-01-15 v3.1.10 (3.1.10)
\pgfexternal@startupbox=\box68
)
(/nix/store/npj2d69a0dxgpxhz5v0kkh9qzz3ryhqm-texlive-combined-full-2024.2024102
7-texmfdist/tex/generic/pgf/basiclayer/pgfcorelayers.code.tex
File: pgfcorelayers.code.tex 2023-01-15 v3.1.10 (3.1.10)
)
(/nix/store/npj2d69a0dxgpxhz5v0kkh9qzz3ryhqm-texlive-combined-full-2024.2024102
7-texmfdist/tex/generic/pgf/basiclayer/pgfcoretransparency.code.tex
File: pgfcoretransparency.code.tex 2023-01-15 v3.1.10 (3.1.10)
)
(/nix/store/npj2d69a0dxgpxhz5v0kkh9qzz3ryhqm-texlive-combined-full-2024.2024102
7-texmfdist/tex/generic/pgf/basiclayer/pgfcorepatterns.code.tex
File: pgfcorepatterns.code.tex 2023-01-15 v3.1.10 (3.1.10)
)
(/nix/store/npj2d69a0dxgpxhz5v0kkh9qzz3ryhqm-texlive-combined-full-2024.2024102
7-texmfdist/tex/generic/pgf/basiclayer/pgfcorerdf.code.tex
File: pgfcorerdf.code.tex 2023-01-15 v3.1.10 (3.1.10)
)))
(/nix/store/npj2d69a0dxgpxhz5v0kkh9qzz3ryhqm-texlive-combined-full-2024.2024102
7-texmfdist/tex/generic/pgf/modules/pgfmoduleshapes.code.tex
File: pgfmoduleshapes.code.tex 2023-01-15 v3.1.10 (3.1.10)
\pgfnodeparttextbox=\box69
)
(/nix/store/npj2d69a0dxgpxhz5v0kkh9qzz3ryhqm-texlive-combined-full-2024.2024102
7-texmfdist/tex/generic/pgf/modules/pgfmoduleplot.code.tex
File: pgfmoduleplot.code.tex 2023-01-15 v3.1.10 (3.1.10)
)
(/nix/store/npj2d69a0dxgpxhz5v0kkh9qzz3ryhqm-texlive-combined-full-2024.2024102
7-texmfdist/tex/latex/pgf/compatibility/pgfcomp-version-0-65.sty
Package: pgfcomp-version-0-65 2023-01-15 v3.1.10 (3.1.10)
\pgf@nodesepstart=\dimen299
\pgf@nodesepend=\dimen300
)
(/nix/store/npj2d69a0dxgpxhz5v0kkh9qzz3ryhqm-texlive-combined-full-2024.2024102
7-texmfdist/tex/latex/pgf/compatibility/pgfcomp-version-1-18.sty
Package: pgfcomp-version-1-18 2023-01-15 v3.1.10 (3.1.10)
))
(/nix/store/npj2d69a0dxgpxhz5v0kkh9qzz3ryhqm-texlive-combined-full-2024.2024102
7-texmfdist/tex/latex/pgf/utilities/pgffor.sty
(/nix/store/npj2d69a0dxgpxhz5v0kkh9qzz3ryhqm-texlive-combined-full-2024.2024102
7-texmfdist/tex/latex/pgf/utilities/pgfkeys.sty
(/nix/store/npj2d69a0dxgpxhz5v0kkh9qzz3ryhqm-texlive-combined-full-2024.2024102
7-texmfdist/tex/generic/pgf/utilities/pgfkeys.code.tex))
(/nix/store/npj2d69a0dxgpxhz5v0kkh9qzz3ryhqm-texlive-combined-full-2024.2024102
7-texmfdist/tex/latex/pgf/math/pgfmath.sty
(/nix/store/npj2d69a0dxgpxhz5v0kkh9qzz3ryhqm-texlive-combined-full-2024.2024102
7-texmfdist/tex/generic/pgf/math/pgfmath.code.tex))
(/nix/store/npj2d69a0dxgpxhz5v0kkh9qzz3ryhqm-texlive-combined-full-2024.2024102
7-texmfdist/tex/generic/pgf/utilities/pgffor.code.tex
Package: pgffor 2023-01-15 v3.1.10 (3.1.10)
\pgffor@iter=\dimen301
\pgffor@skip=\dimen302
\pgffor@stack=\toks40
\pgffor@toks=\toks41
))
(/nix/store/npj2d69a0dxgpxhz5v0kkh9qzz3ryhqm-texlive-combined-full-2024.2024102
7-texmfdist/tex/generic/pgf/frontendlayer/tikz/tikz.code.tex
Package: tikz 2023-01-15 v3.1.10 (3.1.10)

(/nix/store/npj2d69a0dxgpxhz5v0kkh9qzz3ryhqm-texlive-combined-full-2024.2024102
7-texmfdist/tex/generic/pgf/libraries/pgflibraryplothandlers.code.tex
File: pgflibraryplothandlers.code.tex 2023-01-15 v3.1.10 (3.1.10)
\pgf@plot@mark@count=\count363
\pgfplotmarksize=\dimen303
)
\tikz@lastx=\dimen304
\tikz@lasty=\dimen305
\tikz@lastxsaved=\dimen306
\tikz@lastysaved=\dimen307
\tikz@lastmovetox=\dimen308
\tikz@lastmovetoy=\dimen309
\tikzleveldistance=\dimen310
\tikzsiblingdistance=\dimen311
\tikz@figbox=\box70
\tikz@figbox@bg=\box71
\tikz@tempbox=\box72
\tikz@tempbox@bg=\box73
\tikztreelevel=\count364
\tikznumberofchildren=\count365
\tikznumberofcurrentchild=\count366
\tikz@fig@count=\count367

(/nix/store/npj2d69a0dxgpxhz5v0kkh9qzz3ryhqm-texlive-combined-full-2024.2024102
7-texmfdist/tex/generic/pgf/modules/pgfmodulematrix.code.tex
File: pgfmodulematrix.code.tex 2023-01-15 v3.1.10 (3.1.10)
\pgfmatrixcurrentrow=\count368
\pgfmatrixcurrentcolumn=\count369
\pgf@matrix@numberofcolumns=\count370
)
\tikz@expandcount=\count371

(/nix/store/npj2d69a0dxgpxhz5v0kkh9qzz3ryhqm-texlive-combined-full-2024.2024102
7-texmfdist/tex/generic/pgf/frontendlayer/tikz/libraries/tikzlibrarytopaths.cod
e.tex
File: tikzlibrarytopaths.code.tex 2023-01-15 v3.1.10 (3.1.10)
)))
(/nix/store/npj2d69a0dxgpxhz5v0kkh9qzz3ryhqm-texlive-combined-full-2024.2024102
7-texmfdist/tex/latex/tikzpagenodes/tikzpagenodes.sty
Package: tikzpagenodes 2012/09/16 v1.1 Special PGF/TikZ nodes for areas of the 
page

(/nix/store/npj2d69a0dxgpxhz5v0kkh9qzz3ryhqm-texlive-combined-full-2024.2024102
7-texmfdist/tex/latex/ifoddpage/ifoddpage.sty
Package: ifoddpage 2022/10/18 v1.2 Conditionals for odd/even page detection
\c@checkoddpage=\count372
LaTeX Info: Redefining \checkoddpage on input line 45.
))
(/nix/store/npj2d69a0dxgpxhz5v0kkh9qzz3ryhqm-texlive-combined-full-2024.2024102
7-texmfdist/tex/generic/pgf/frontendlayer/tikz/libraries/tikzlibraryshapes.code
.tex
File: tikzlibraryshapes.code.tex 2023-01-15 v3.1.10 (3.1.10)

(/nix/store/npj2d69a0dxgpxhz5v0kkh9qzz3ryhqm-texlive-combined-full-2024.2024102
7-texmfdist/tex/generic/pgf/frontendlayer/tikz/libraries/tikzlibraryshapes.geom
etric.code.tex
File: tikzlibraryshapes.geometric.code.tex 2023-01-15 v3.1.10 (3.1.10)

(/nix/store/npj2d69a0dxgpxhz5v0kkh9qzz3ryhqm-texlive-combined-full-2024.2024102
7-texmfdist/tex/generic/pgf/libraries/shapes/pgflibraryshapes.geometric.code.te
x
File: pgflibraryshapes.geometric.code.tex 2023-01-15 v3.1.10 (3.1.10)
))
(/nix/store/npj2d69a0dxgpxhz5v0kkh9qzz3ryhqm-texlive-combined-full-2024.2024102
7-texmfdist/tex/generic/pgf/frontendlayer/tikz/libraries/tikzlibraryshapes.misc
.code.tex
File: tikzlibraryshapes.misc.code.tex 2023-01-15 v3.1.10 (3.1.10)

(/nix/store/npj2d69a0dxgpxhz5v0kkh9qzz3ryhqm-texlive-combined-full-2024.2024102
7-texmfdist/tex/generic/pgf/libraries/shapes/pgflibraryshapes.misc.code.tex
File: pgflibraryshapes.misc.code.tex 2023-01-15 v3.1.10 (3.1.10)
))
(/nix/store/npj2d69a0dxgpxhz5v0kkh9qzz3ryhqm-texlive-combined-full-2024.2024102
7-texmfdist/tex/generic/pgf/frontendlayer/tikz/libraries/tikzlibraryshapes.symb
ols.code.tex
File: tikzlibraryshapes.symbols.code.tex 2023-01-15 v3.1.10 (3.1.10)

(/nix/store/npj2d69a0dxgpxhz5v0kkh9qzz3ryhqm-texlive-combined-full-2024.2024102
7-texmfdist/tex/generic/pgf/libraries/shapes/pgflibraryshapes.symbols.code.tex
File: pgflibraryshapes.symbols.code.tex 2023-01-15 v3.1.10 (3.1.10)
))
(/nix/store/npj2d69a0dxgpxhz5v0kkh9qzz3ryhqm-texlive-combined-full-2024.2024102
7-texmfdist/tex/generic/pgf/frontendlayer/tikz/libraries/tikzlibraryshapes.arro
ws.code.tex
File: tikzlibraryshapes.arrows.code.tex 2023-01-15 v3.1.10 (3.1.10)

(/nix/store/npj2d69a0dxgpxhz5v0kkh9qzz3ryhqm-texlive-combined-full-2024.2024102
7-texmfdist/tex/generic/pgf/libraries/shapes/pgflibraryshapes.arrows.code.tex
File: pgflibraryshapes.arrows.code.tex 2023-01-15 v3.1.10 (3.1.10)
))
(/nix/store/npj2d69a0dxgpxhz5v0kkh9qzz3ryhqm-texlive-combined-full-2024.2024102
7-texmfdist/tex/generic/pgf/frontendlayer/tikz/libraries/tikzlibraryshapes.call
outs.code.tex
(/nix/store/npj2d69a0dxgpxhz5v0kkh9qzz3ryhqm-texlive-combined-full-2024.2024102
7-texmfdist/tex/generic/pgf/libraries/shapes/pgflibraryshapes.callouts.code.tex
))
(/nix/store/npj2d69a0dxgpxhz5v0kkh9qzz3ryhqm-texlive-combined-full-2024.2024102
7-texmfdist/tex/generic/pgf/frontendlayer/tikz/libraries/tikzlibraryshapes.mult
ipart.code.tex
File: tikzlibraryshapes.multipart.code.tex 2023-01-15 v3.1.10 (3.1.10)

(/nix/store/npj2d69a0dxgpxhz5v0kkh9qzz3ryhqm-texlive-combined-full-2024.2024102
7-texmfdist/tex/generic/pgf/libraries/shapes/pgflibraryshapes.multipart.code.te
x
File: pgflibraryshapes.multipart.code.tex 2023-01-15 v3.1.10 (3.1.10)
\pgfnodepartlowerbox=\box74
\pgfnodeparttwobox=\box75
\pgfnodepartthreebox=\box76
\pgfnodepartfourbox=\box77
\pgfnodeparttwentybox=\box78
\pgfnodepartnineteenbox=\box79
\pgfnodeparteighteenbox=\box80
\pgfnodepartseventeenbox=\box81
\pgfnodepartsixteenbox=\box82
\pgfnodepartfifteenbox=\box83
\pgfnodepartfourteenbox=\box84
\pgfnodepartthirteenbox=\box85
\pgfnodeparttwelvebox=\box86
\pgfnodepartelevenbox=\box87
\pgfnodeparttenbox=\box88
\pgfnodepartninebox=\box89
\pgfnodeparteightbox=\box90
\pgfnodepartsevenbox=\box91
\pgfnodepartsixbox=\box92
\pgfnodepartfivebox=\box93
)))
(/nix/store/npj2d69a0dxgpxhz5v0kkh9qzz3ryhqm-texlive-combined-full-2024.2024102
7-texmfdist/tex/generic/pgf/frontendlayer/tikz/libraries/tikzlibraryarrows.code
.tex
File: tikzlibraryarrows.code.tex 2023-01-15 v3.1.10 (3.1.10)

(/nix/store/npj2d69a0dxgpxhz5v0kkh9qzz3ryhqm-texlive-combined-full-2024.2024102
7-texmfdist/tex/generic/pgf/libraries/pgflibraryarrows.code.tex
File: pgflibraryarrows.code.tex 2023-01-15 v3.1.10 (3.1.10)
\arrowsize=\dimen312
))
(/nix/store/npj2d69a0dxgpxhz5v0kkh9qzz3ryhqm-texlive-combined-full-2024.2024102
7-texmfdist/tex/generic/pgf/frontendlayer/tikz/libraries/tikzlibraryshadows.cod
e.tex
File: tikzlibraryshadows.code.tex 2023-01-15 v3.1.10 (3.1.10)

(/nix/store/npj2d69a0dxgpxhz5v0kkh9qzz3ryhqm-texlive-combined-full-2024.2024102
7-texmfdist/tex/generic/pgf/frontendlayer/tikz/libraries/tikzlibraryfadings.cod
e.tex
File: tikzlibraryfadings.code.tex 2023-01-15 v3.1.10 (3.1.10)

(/nix/store/npj2d69a0dxgpxhz5v0kkh9qzz3ryhqm-texlive-combined-full-2024.2024102
7-texmfdist/tex/generic/pgf/libraries/pgflibraryfadings.code.tex
File: pgflibraryfadings.code.tex 2023-01-15 v3.1.10 (3.1.10)
)))
(/nix/store/npj2d69a0dxgpxhz5v0kkh9qzz3ryhqm-texlive-combined-full-2024.2024102
7-texmfdist/tex/generic/pgf/frontendlayer/tikz/libraries/tikzlibrarybackgrounds
.code.tex
File: tikzlibrarybackgrounds.code.tex 2023-01-15 v3.1.10 (3.1.10)
\pgf@layerbox@background=\box94
\pgf@layerboxsaved@background=\box95
)
(/nix/store/npj2d69a0dxgpxhz5v0kkh9qzz3ryhqm-texlive-combined-full-2024.2024102
7-texmfdist/tex/generic/pgf/frontendlayer/tikz/libraries/tikzlibrarypositioning
.code.tex
File: tikzlibrarypositioning.code.tex 2023-01-15 v3.1.10 (3.1.10)
)
(/nix/store/npj2d69a0dxgpxhz5v0kkh9qzz3ryhqm-texlive-combined-full-2024.2024102
7-texmfdist/tex/generic/pgf/frontendlayer/tikz/libraries/tikzlibrarytrees.code.
tex
File: tikzlibrarytrees.code.tex 2023-01-15 v3.1.10 (3.1.10)
)
(/nix/store/npj2d69a0dxgpxhz5v0kkh9qzz3ryhqm-texlive-combined-full-2024.2024102
7-texmfdist/tex/generic/pgf/frontendlayer/tikz/libraries/tikzlibrarycalc.code.t
ex
File: tikzlibrarycalc.code.tex 2023-01-15 v3.1.10 (3.1.10)
)
(/nix/store/npj2d69a0dxgpxhz5v0kkh9qzz3ryhqm-texlive-combined-full-2024.2024102
7-texmfdist/tex/generic/pgf/frontendlayer/tikz/libraries/tikzlibraryfit.code.te
x
File: tikzlibraryfit.code.tex 2023-01-15 v3.1.10 (3.1.10)
)
(/nix/store/npj2d69a0dxgpxhz5v0kkh9qzz3ryhqm-texlive-combined-full-2024.2024102
7-texmfdist/tex/latex/caption/subcaption.sty
Package: subcaption 2023/07/28 v1.6b Sub-captions (AR)

(/nix/store/npj2d69a0dxgpxhz5v0kkh9qzz3ryhqm-texlive-combined-full-2024.2024102
7-texmfdist/tex/latex/caption/caption.sty
Package: caption 2023/08/05 v3.6o Customizing captions (AR)

(/nix/store/npj2d69a0dxgpxhz5v0kkh9qzz3ryhqm-texlive-combined-full-2024.2024102
7-texmfdist/tex/latex/caption/caption3.sty
Package: caption3 2023/07/31 v2.4d caption3 kernel (AR)
\caption@tempdima=\dimen313
\captionmargin=\dimen314
\caption@leftmargin=\dimen315
\caption@rightmargin=\dimen316
\caption@width=\dimen317
\caption@indent=\dimen318
\caption@parindent=\dimen319
\caption@hangindent=\dimen320
Package caption Info: memoir document class detected.

(/nix/store/npj2d69a0dxgpxhz5v0kkh9qzz3ryhqm-texlive-combined-full-2024.2024102
7-texmfdist/tex/latex/caption/caption-memoir.sto
File: caption-memoir.sto 2023/09/08 v2.2c Adaption of the caption package to th
e memoir document class (AR)
))
\c@caption@flags=\count373
\c@continuedfloat=\count374
Package caption Info: changepage package is loaded.
\caption@adjustwidth@hsize=\dimen321
\caption@adjustwidth@linewidth=\dimen322
Package caption Info: hyperref package is loaded.
)
Package caption Info: New subtype `subfigure' on input line 238.
\c@subfigure=\count375
Package caption Info: New subtype `subtable' on input line 238.
\c@subtable=\count376
)
(/nix/store/npj2d69a0dxgpxhz5v0kkh9qzz3ryhqm-texlive-combined-full-2024.2024102
7-texmfdist/tex/latex/pdfpages/pdfpages.sty
Package: pdfpages 2024/08/20 v0.6b Insert pages of external PDF documents (AM)

(/nix/store/npj2d69a0dxgpxhz5v0kkh9qzz3ryhqm-texlive-combined-full-2024.2024102
7-texmfdist/tex/latex/eso-pic/eso-pic.sty
Package: eso-pic 2023/05/03 v3.0c eso-pic (RN)
\ESO@tempdima=\dimen323
\ESO@tempdimb=\dimen324
)
\AM@pagewidth=\dimen325
\AM@pageheight=\dimen326
\AM@fboxrule=\dimen327

(/nix/store/npj2d69a0dxgpxhz5v0kkh9qzz3ryhqm-texlive-combined-full-2024.2024102
7-texmfdist/tex/latex/pdfpages/ppxetex.def
File: ppxetex.def 2024/08/20 v0.6b Pdfpages driver for XeTeX (AM)
)
\pdfpages@includegraphics@status=\count377
\AM@pagebox=\box96
\AM@global@opts=\toks42
\AM@pagecnt=\count378
\AM@toc@title=\toks43
\AM@lof@heading=\toks44
\c@AM@survey=\count379
\AM@templatesizebox=\box97
)
(/nix/store/npj2d69a0dxgpxhz5v0kkh9qzz3ryhqm-texlive-combined-full-2024.2024102
7-texmfdist/tex/latex/enumitem/enumitem.sty
Package: enumitem 2019/06/20 v3.9 Customized lists
\labelindent=\skip260
\enit@outerparindent=\dimen328
\enit@toks=\toks45
\enit@inbox=\box98
\enit@count@id=\count380
\enitdp@description=\count381
)
\phraseparskip=\skip261

(/nix/store/npj2d69a0dxgpxhz5v0kkh9qzz3ryhqm-texlive-combined-full-2024.2024102
7-texmfdist/tex/latex/wrapfig/wrapfig.sty
\wrapoverhang=\dimen329
\WF@size=\dimen330
\c@WF@wrappedlines=\count382
\WF@box=\box99
\WF@everypar=\toks46
Package: wrapfig 2003/01/31  v 3.6
)
No file spot-on.aux.
\openout1 = `spot-on.aux'.

LaTeX Font Info:    Checking defaults for OML/cmm/m/it on input line 246.
LaTeX Font Info:    ... okay on input line 246.
LaTeX Font Info:    Checking defaults for OMS/cmsy/m/n on input line 246.
LaTeX Font Info:    ... okay on input line 246.
LaTeX Font Info:    Checking defaults for OT1/cmr/m/n on input line 246.
LaTeX Font Info:    ... okay on input line 246.
LaTeX Font Info:    Checking defaults for T1/cmr/m/n on input line 246.
LaTeX Font Info:    ... okay on input line 246.
LaTeX Font Info:    Checking defaults for TS1/cmr/m/n on input line 246.
LaTeX Font Info:    Trying to load font information for TS1+cmr on input line 2
46.

(/nix/store/npj2d69a0dxgpxhz5v0kkh9qzz3ryhqm-texlive-combined-full-2024.2024102
7-texmfdist/tex/latex/base/ts1cmr.fd
File: ts1cmr.fd 2023/04/13 v2.5m Standard LaTeX font definitions
)
LaTeX Font Info:    ... okay on input line 246.
LaTeX Font Info:    Checking defaults for TU/lmr/m/n on input line 246.
LaTeX Font Info:    ... okay on input line 246.
LaTeX Font Info:    Checking defaults for OMX/cmex/m/n on input line 246.
LaTeX Font Info:    ... okay on input line 246.
LaTeX Font Info:    Checking defaults for U/cmr/m/n on input line 246.
LaTeX Font Info:    ... okay on input line 246.
LaTeX Font Info:    Checking defaults for T3/cmr/m/n on input line 246.
LaTeX Font Info:    Trying to load font information for T3+cmr on input line 24
6.

(/nix/store/npj2d69a0dxgpxhz5v0kkh9qzz3ryhqm-texlive-combined-full-2024.2024102
7-texmfdist/tex/latex/tipa/t3cmr.fd
File: t3cmr.fd 2001/12/31 TIPA font definitions
)
LaTeX Font Info:    ... okay on input line 246.
LaTeX Font Info:    Checking defaults for PD1/pdf/m/n on input line 246.
LaTeX Font Info:    ... okay on input line 246.
LaTeX Font Info:    Checking defaults for PU/pdf/m/n on input line 246.
LaTeX Font Info:    ... okay on input line 246.

*geometry* driver: auto-detecting
*geometry* detected driver: xetex
*geometry* verbose mode - [ preamble ] result:
* driver: xetex
* paper: a5paper
* layout: <same size as paper>
* layoutoffset:(h,v)=(0.0pt,0.0pt)
* modes: includefoot twoside 
* h-part:(L,W,R)=(39.58348pt, 352.04025pt, 29.47705pt)
* v-part:(T,H,B)=(56.94249pt, 513.08002pt, 27.48537pt)
* \paperwidth=421.10078pt
* \paperheight=597.50787pt
* \textwidth=352.04025pt
* \textheight=498.845pt
* \oddsidemargin=-32.68651pt
* \evensidemargin=-42.79294pt
* \topmargin=-48.8013pt
* \headheight=13.6pt
* \headsep=19.8738pt
* \topskip=11.0pt
* \footskip=14.23502pt
* \marginparwidth=51.0pt
* \marginparsep=7.0pt
* \columnsep=10.0pt
* \skip\footins=12.0pt plus 4.0pt minus 4.0pt
* \hoffset=0.0pt
* \voffset=0.0pt
* \mag=1000
* \@twocolumnfalse
* \@twosidetrue
* \@mparswitchtrue
* \@reversemarginfalse
* (1in=72.27pt=25.4mm, 1cm=28.453pt)


Package fontspec Info: 
(fontspec)             Adjusting the maths setup (use [no-math] to avoid
(fontspec)             this).

\symlegacymaths=\mathgroup4
LaTeX Font Info:    Overwriting symbol font `legacymaths' in version `bold'
(Font)                  OT1/cmr/m/n --> OT1/cmr/bx/n on input line 246.
LaTeX Font Info:    Redeclaring math accent \acute on input line 246.
LaTeX Font Info:    Redeclaring math accent \grave on input line 246.
LaTeX Font Info:    Redeclaring math accent \ddot on input line 246.
LaTeX Font Info:    Redeclaring math accent \tilde on input line 246.
LaTeX Font Info:    Redeclaring math accent \bar on input line 246.
LaTeX Font Info:    Redeclaring math accent \breve on input line 246.
LaTeX Font Info:    Redeclaring math accent \check on input line 246.
LaTeX Font Info:    Redeclaring math accent \hat on input line 246.
LaTeX Font Info:    Redeclaring math accent \dot on input line 246.
LaTeX Font Info:    Redeclaring math accent \mathring on input line 246.
LaTeX Font Info:    Redeclaring math symbol \colon on input line 246.
LaTeX Font Info:    Redeclaring math symbol \Gamma on input line 246.
LaTeX Font Info:    Redeclaring math symbol \Delta on input line 246.
LaTeX Font Info:    Redeclaring math symbol \Theta on input line 246.
LaTeX Font Info:    Redeclaring math symbol \Lambda on input line 246.
LaTeX Font Info:    Redeclaring math symbol \Xi on input line 246.
LaTeX Font Info:    Redeclaring math symbol \Pi on input line 246.
LaTeX Font Info:    Redeclaring math symbol \Sigma on input line 246.
LaTeX Font Info:    Redeclaring math symbol \Upsilon on input line 246.
LaTeX Font Info:    Redeclaring math symbol \Phi on input line 246.
LaTeX Font Info:    Redeclaring math symbol \Psi on input line 246.
LaTeX Font Info:    Redeclaring math symbol \Omega on input line 246.
LaTeX Font Info:    Redeclaring math symbol \mathdollar on input line 246.
LaTeX Font Info:    Redeclaring symbol font `operators' on input line 246.
LaTeX Font Info:    Encoding `OT1' has changed to `TU' for symbol font
(Font)              `operators' in the math version `normal' on input line 246.

LaTeX Font Info:    Overwriting symbol font `operators' in version `normal'
(Font)                  OT1/cmr/m/n --> TU/SourceSansPro(0)/m/n on input line 2
46.
LaTeX Font Info:    Encoding `OT1' has changed to `TU' for symbol font
(Font)              `operators' in the math version `bold' on input line 246.
LaTeX Font Info:    Overwriting symbol font `operators' in version `bold'
(Font)                  OT1/cmr/bx/n --> TU/SourceSansPro(0)/m/n on input line 
246.
LaTeX Font Info:    Overwriting symbol font `operators' in version `normal'
(Font)                  TU/SourceSansPro(0)/m/n --> TU/SourceSansPro(0)/m/n on 
input line 246.
LaTeX Font Info:    Overwriting math alphabet `\mathit' in version `normal'
(Font)                  OT1/cmr/m/it --> TU/SourceSansPro(0)/m/it on input line
 246.
LaTeX Font Info:    Overwriting math alphabet `\mathbf' in version `normal'
(Font)                  OT1/cmr/bx/n --> TU/SourceSansPro(0)/b/n on input line 
246.
LaTeX Font Info:    Overwriting math alphabet `\mathsf' in version `normal'
(Font)                  OT1/cmss/m/n --> TU/lmss/m/n on input line 246.
LaTeX Font Info:    Overwriting math alphabet `\mathtt' in version `normal'
(Font)                  OT1/cmtt/m/n --> TU/lmtt/m/n on input line 246.
LaTeX Font Info:    Overwriting symbol font `operators' in version `bold'
(Font)                  TU/SourceSansPro(0)/m/n --> TU/SourceSansPro(0)/b/n on 
input line 246.
LaTeX Font Info:    Overwriting math alphabet `\mathit' in version `bold'
(Font)                  OT1/cmr/bx/it --> TU/SourceSansPro(0)/b/it on input lin
e 246.
LaTeX Font Info:    Overwriting math alphabet `\mathsf' in version `bold'
(Font)                  OT1/cmss/bx/n --> TU/lmss/b/n on input line 246.
LaTeX Font Info:    Overwriting math alphabet `\mathtt' in version `bold'
(Font)                  OT1/cmtt/m/n --> TU/lmtt/b/n on input line 246.
Package hyperref Info: Link coloring OFF on input line 246.
\@outlinefile=\write5
\openout5 = `spot-on.out'.


Package hyperref Warning: Rerun to get /PageLabels entry.

Package caption Info: Begin \AtBeginDocument code.
Package caption Info: wrapfig package is loaded.
Package caption Info: End \AtBeginDocument code.

(/nix/store/npj2d69a0dxgpxhz5v0kkh9qzz3ryhqm-texlive-combined-full-2024.2024102
7-texmfdist/tex/latex/pdflscape/pdflscape.sty
Package: pdflscape 2022-10-27 v0.13 Display of landscape pages in PDF

(/nix/store/npj2d69a0dxgpxhz5v0kkh9qzz3ryhqm-texlive-combined-full-2024.2024102
7-texmfdist/tex/latex/pdflscape/pdflscape-nometadata.sty
Package: pdflscape-nometadata 2022-10-28 v0.13 Display of landscape pages in PD
F (HO)

(/nix/store/npj2d69a0dxgpxhz5v0kkh9qzz3ryhqm-texlive-combined-full-2024.2024102
7-texmfdist/tex/latex/graphics/lscape.sty
Package: lscape 2020/05/28 v3.02 Landscape Pages (DPC)
)
Package pdflscape Info: Auto-detected driver: dvipdfm (xetex) on input line 98.

))
LaTeX Font Info:    Font shape `TU/SourceSansPro(0)/m/n' will be
(Font)              scaled to size 19.51016pt on input line 250.

Overfull \hbox (0.85155pt too wide) in paragraph at lines 296--296
[]\TU/SourceSansPro(0)/m/n/10.95 12  
 []


Overfull \hbox (0.85155pt too wide) in paragraph at lines 312--312
 []\TU/SourceSansPro(0)/m/n/10.95 13
 []


Overfull \hbox (0.85155pt too wide) in paragraph at lines 312--312
[]\TU/SourceSansPro(0)/m/n/10.95 16  
 []


Overfull \hbox (0.85155pt too wide) in paragraph at lines 329--329
 []\TU/SourceSansPro(0)/m/n/10.95 17
 []


Overfull \hbox (0.85155pt too wide) in paragraph at lines 329--329
[]\TU/SourceSansPro(0)/m/n/10.95 20  
 []


Overfull \hbox (0.85155pt too wide) in paragraph at lines 344--344
 []\TU/SourceSansPro(0)/m/n/10.95 21
 []


Overfull \hbox (0.85155pt too wide) in paragraph at lines 344--344
[]\TU/SourceSansPro(0)/m/n/10.95 24  
 []


Overfull \hbox (0.85155pt too wide) in paragraph at lines 359--359
 []\TU/SourceSansPro(0)/m/n/10.95 25
 []


Overfull \hbox (0.85155pt too wide) in paragraph at lines 359--359
[]\TU/SourceSansPro(0)/m/n/10.95 28  
 []


Overfull \hbox (0.85155pt too wide) in paragraph at lines 375--375
 []\TU/SourceSansPro(0)/m/n/10.95 29
 []


Overfull \hbox (0.85155pt too wide) in paragraph at lines 375--375
[]\TU/SourceSansPro(0)/m/n/10.95 32  
 []

LaTeX Font Info:    Font shape `TU/SourceSansPro(0)/m/it' will be
(Font)              scaled to size 9.71072pt on input line 406.


[1

] (./spot-on.aux)
 ***********
LaTeX2e <2024-06-01> patch level 2
L3 programming layer <2020/03/25>
 ***********


Package rerunfilecheck Warning: File `spot-on.out' has changed.
(rerunfilecheck)                Rerun to get outlines right
(rerunfilecheck)                or use package `bookmark'.

Package rerunfilecheck Info: Checksums for `spot-on.out':
(rerunfilecheck)             Before: <no file>
(rerunfilecheck)             After:  D41D8CD98F00B204E9800998ECF8427E;0.
 ) 
Here is how much of TeX's memory you used:
 34592 strings out of 474233
 722713 string characters out of 5717734
 1143923 words of memory out of 5000000
 56776 multiletter control sequences out of 15000+600000
 558589 words of font info for 57 fonts, out of 8000000 for 9000
 1348 hyphenation exceptions out of 8191
 87i,11n,122p,474b,325s stack positions out of 10000i,1000n,20000p,200000b,200000s

Output written on spot-on.pdf (1 page).
