This is XeTeX, Version 3.141592653-2.6-0.999993 (Web2C 2021/NixOS.org) (preloaded format=xelatex 1980.1.1)  21 OCT 2022 10:07
entering extended mode
 restricted \write18 enabled.
 %&-line parsing enabled.
**the-waves.tex
(./the-waves.tex
LaTeX2e <2021-11-15> patch level 1
L3 programming layer <2022-02-24>
(/nix/store/1m4rhd60j1fh2n9xl9irp07a2zigx4h6-texlive-combined-full-2021-final/s
hare/texmf/tex/latex/memoir/memoir.cls
Document Class: memoir 2022/02/20 v3.7q configurable book, report, article docu
ment class

(/nix/store/1m4rhd60j1fh2n9xl9irp07a2zigx4h6-texlive-combined-full-2021-final/s
hare/texmf/tex/latex/etoolbox/etoolbox.sty
Package: etoolbox 2020/10/05 v2.5k e-TeX tools for LaTeX (JAW)
\etb@tempcnta=\count181
)
\onelineskip=\skip47
\lxvchars=\skip48
\xlvchars=\skip49
\@memcnta=\count182
\c@@memmarkcntra=\count183

(/nix/store/1m4rhd60j1fh2n9xl9irp07a2zigx4h6-texlive-combined-full-2021-final/s
hare/texmf/tex/generic/iftex/iftex.sty
Package: iftex 2022/02/03 v1.0f TeX engine tests
)
\stockheight=\skip50
\stockwidth=\skip51
\trimtop=\skip52
\trimedge=\skip53

(/nix/store/1m4rhd60j1fh2n9xl9irp07a2zigx4h6-texlive-combined-full-2021-final/s
hare/texmf/tex/latex/memoir/mem11.clo
File: mem11.clo 2008/01/30 v0.3 memoir class 11pt size option
)
\binding=\skip54
\spinemargin=\skip55
\foremargin=\skip56
\uppermargin=\skip57
\lowermargin=\skip58
\headdrop=\skip59
\normalrulethickness=\skip60
\mem@maxheadheight=\skip61
\mem@maxfootheight=\skip62
\headwidth=\skip63
\c@storedpagenumber=\count184
\memPD=\dimen138
\m@mabparskip=\skip64
\thanksmarkwidth=\skip65
\thanksmarksep=\skip66
\droptitle=\skip67
\c@book=\count185
\c@part=\count186
\c@chapter=\count187
\c@section=\count188
\c@subsection=\count189
\c@subsubsection=\count190
\c@paragraph=\count191
\c@subparagraph=\count192
\beforechapskip=\skip68
\midchapskip=\skip69
\afterchapskip=\skip70
\chapindent=\skip71
\bottomsectionskip=\skip72
\secindent=\skip73
\beforesecskip=\skip74
\aftersecskip=\skip75
\subsecindent=\skip76
\beforesubsecskip=\skip77
\aftersubsecskip=\skip78
\subsubsecindent=\skip79
\beforesubsubsecskip=\skip80
\aftersubsubsecskip=\skip81
\paraindent=\skip82
\beforeparaskip=\skip83
\afterparaskip=\skip84
\subparaindent=\skip85
\beforesubparaskip=\skip86
\aftersubparaskip=\skip87
\pfbreakskip=\skip88
\c@@ppsavesec=\count193
\c@@ppsaveapp=\count194
\ragrparindent=\dimen139
\everylistparindent=\dimen140
\parsepi=\skip89
\topsepi=\skip90
\itemsepi=\skip91
\parsepii=\skip92
\topsepii=\skip93
\topsepiii=\skip94
\itemsepii=\skip95
\itemsepiii=\skip96
\partopsepii=\skip97
\partopsepiii=\skip98
\m@msavetopsep=\skip99
\m@msavepartopsep=\skip100
\@enLab=\toks16
\abstitleskip=\skip101
\absleftindent=\skip102
\abs@leftindent=\dimen141
\absrightindent=\skip103
\absparindent=\skip104
\absparsep=\skip105
\c@vslineno=\count195
\c@poemline=\count196
\c@modulo@vs=\count197
\c@memfvsline=\count198
\vleftskip=\skip106
\vrightskip=\skip107
\stanzaskip=\skip108
\versewidth=\skip109
\vgap=\skip110
\vindent=\skip111
\vleftmargin=\dimen142
\c@verse=\count199
\c@chrsinstr=\count266
\beforepoemtitleskip=\skip112
\afterpoemtitleskip=\skip113
\c@poem=\count267
\beforePoemTitleskip=\skip114
\midPoemTitleskip=\skip115
\afterPoemTitleskip=\skip116

(/nix/store/1m4rhd60j1fh2n9xl9irp07a2zigx4h6-texlive-combined-full-2021-final/s
hare/texmf/tex/latex/tools/array.sty
Package: array 2021/10/04 v2.5f Tabular extension package (FMi)
\col@sep=\dimen143
\ar@mcellbox=\box50
\extrarowheight=\dimen144
\NC@list=\toks17
\extratabsurround=\skip117
\backup@length=\skip118
\ar@cellbox=\box51
)
(/nix/store/1m4rhd60j1fh2n9xl9irp07a2zigx4h6-texlive-combined-full-2021-final/s
hare/texmf/tex/latex/tools/dcolumn.sty
Package: dcolumn 2014/10/28 v1.06 decimal alignment package (DPC)
)
(/nix/store/1m4rhd60j1fh2n9xl9irp07a2zigx4h6-texlive-combined-full-2021-final/s
hare/texmf/tex/latex/tools/delarray.sty
Package: delarray 2014/10/28 v1.01 array delimiter package (DPC)
)
(/nix/store/1m4rhd60j1fh2n9xl9irp07a2zigx4h6-texlive-combined-full-2021-final/s
hare/texmf/tex/latex/tools/tabularx.sty
Package: tabularx 2020/01/15 v2.11c `tabularx' package (DPC)
\TX@col@width=\dimen145
\TX@old@table=\dimen146
\TX@old@col=\dimen147
\TX@target=\dimen148
\TX@delta=\dimen149
\TX@cols=\count268
\TX@ftn=\toks18
)
\heavyrulewidth=\dimen150
\lightrulewidth=\dimen151
\cmidrulewidth=\dimen152
\belowrulesep=\dimen153
\belowbottomsep=\dimen154
\aboverulesep=\dimen155
\abovetopsep=\dimen156
\cmidrulesep=\dimen157
\cmidrulekern=\dimen158
\defaultaddspace=\dimen159
\@cmidla=\count269
\@cmidlb=\count270
\@aboverulesep=\dimen160
\@belowrulesep=\dimen161
\@thisruleclass=\count271
\@lastruleclass=\count272
\@thisrulewidth=\dimen162
\ctableftskip=\skip119
\ctabrightskip=\skip120
\abovecolumnspenalty=\count273
\@linestogo=\count274
\@cellstogo=\count275
\@cellsincolumn=\count276
\crtok=\toks19
\@mincolumnwidth=\dimen163
\c@newflo@tctr=\count277
\mem@margin@floatbox=\box52
\@contcwidth=\skip121
\@contindw=\skip122
\abovecaptionskip=\skip123
\belowcaptionskip=\skip124
\subfloattopskip=\skip125
\subfloatcapskip=\skip126
\subfloatcaptopadj=\skip127
\subfloatbottomskip=\skip128
\subfloatlabelskip=\skip129
\subfloatcapmargin=\dimen164
\c@@contsubnum=\count278
\m@mscap@capbox=\box53
\m@mscap@fbox=\box54
\sidecapsep=\dimen165
\sidecapwidth=\dimen166
\m@m@tempdima=\dimen167
\m@mscapraise=\dimen168
\sidecapraise=\dimen169
\m@mscapmainwidth=\dimen170
\m@mscaplkern=\dimen171
\beforeepigraphskip=\skip130
\afterepigraphskip=\skip131
\epigraphwidth=\skip132
\epigraphrule=\skip133
LaTeX Info: Redefining \em on input line 7655.
LaTeX Info: Redefining \emph on input line 7663.
\tocentryskip=\skip134
\tocbaseline=\skip135
\cftparskip=\skip136
\cftbeforebookskip=\skip137
\cftbookindent=\dimen172
\cftbooknumwidth=\dimen173
\cftbeforepartskip=\skip138
\cftpartindent=\skip139
\cftpartnumwidth=\skip140
\cftbeforechapterskip=\skip141
\cftchapterindent=\skip142
\cftchapternumwidth=\skip143
\cftbeforesectionskip=\skip144
\cftsectionindent=\skip145
\cftsectionnumwidth=\skip146
\cftbeforesubsectionskip=\skip147
\cftsubsectionindent=\skip148
\cftsubsectionnumwidth=\skip149
\cftbeforesubsubsectionskip=\skip150
\cftsubsubsectionindent=\skip151
\cftsubsubsectionnumwidth=\skip152
\cftbeforeparagraphskip=\skip153
\cftparagraphindent=\skip154
\cftparagraphnumwidth=\skip155
\cftbeforesubparagraphskip=\skip156
\cftsubparagraphindent=\skip157
\cftsubparagraphnumwidth=\skip158
\prechapterprecisshift=\dimen174
\c@maxsecnumdepth=\count279
\bibindent=\dimen175
\bibitemsep=\skip159
\indexcolsep=\skip160
\indexrule=\skip161
\indexmarkstyle=\toks20
\@indexbox=\insert252
\glossarycolsep=\dimen176
\glossaryrule=\dimen177
\sideparvshift=\skip162
\sideins=\insert251
\sidebartopsep=\skip163
\sidebarhsep=\skip164
\sidebarvsep=\skip165
\sidebarwidth=\skip166
\footmarkwidth=\skip167
\footmarksep=\skip168
\footparindent=\skip169
\footinsdim=\skip170
\footinsv@r=\insert250
\@mpfootinsv@r=\insert249
\m@m@k=\count280
\m@m@h=\dimen178
\m@mipn@skip=\skip171
\sidefootins=\insert248
\sidefootadjust=\skip172
\sidefootheight=\skip173
\sidefoothsep=\skip174
\sidefootvsep=\skip175
\sidefootwidth=\skip176
\m@mdownsf=\skip177
\c@sidefootnote=\count281
\sidefootmarkwidth=\skip178
\sidefootmarksep=\skip179
\sidefootparindent=\skip180
\c@pagenote=\count282
\c@pagenoteshadow=\count283
\mem@pn@lastkern=\skip181
\every@verbatim=\toks21
\afterevery@verbatim=\toks22
\verbatim@line=\toks23
\tab@position=\count284
\verbatim@in@stream=\read2
\verbatimindent=\skip182
\verbatim@out=\write3
\bvboxsep=\skip183
\c@memfbvline=\count285
\c@bvlinectr=\count286
\bvnumlength=\skip184
\fb@frw=\dimen179
\fb@frh=\dimen180
\FrameRule=\dimen181
\FrameSep=\dimen182
\c@cp@cntr=\count287
\c@ism@mctr=\count288
\c@xsm@mctr=\count289
\c@csm@mctr=\count290
\c@ksm@mctr=\count291
\c@xksm@mctr=\count292
\c@cksm@mctr=\count293
\c@msm@mctr=\count294
\c@xmsm@mctr=\count295
\c@cmsm@mctr=\count296
\c@bsm@mctr=\count297
\c@workm@mctr=\count298
\c@sheetsequence=\count299
\c@lastsheet=\count300
\c@lastpage=\count301

(/nix/store/1m4rhd60j1fh2n9xl9irp07a2zigx4h6-texlive-combined-full-2021-final/s
hare/texmf/tex/latex/textcase/textcase.sty
Package: textcase 2019/09/14 v1.00 Text only upper/lower case changing (DPC)
)
\c@figure=\count302
\c@lofdepth=\count303
\cftbeforefigureskip=\skip185
\cftfigureindent=\skip186
\cftfigurenumwidth=\skip187
\c@table=\count304
\c@lotdepth=\count305
\cftbeforetableskip=\skip188
\cfttableindent=\skip189
\cfttablenumwidth=\skip190
Package abstract [2008/07/23] emulated by memoir.
Package appendix [2008/07/23] emulated by memoir.
Package booktabs [2016/05/16] emulated by memoir.
Package ccaption [2008/07/23] emulated by memoir.
Package changepage [2008/07/23] emulated by memoir.
Package chngcntr [2008/07/23] emulated by memoir.
Package chngpage [2008/07/23] emulated by memoir.
Package crop emulated by memoir.
Package enumerate [2008/07/23] emulated by memoir.
Package epigraph [2008/07/23] emulated by memoir.
Package ifmtarg [2008/07/23] emulated by memoir.
Package index [2008/07/23] emulated by memoir.
Package makeidx [2008/07/23] emulated by memoir.
Package moreverb [2008/07/23] emulated by memoir.
Package needspace [2008/07/23] emulated by memoir.
Package newfile [2008/07/23] emulated by memoir.
Package nextpage [2008/07/23] emulated by memoir.
Package pagenote [2008/07/23] emulated by memoir.
Package parskip [2008/07/23] emulated by memoir.
Package patchcmd [2008/07/23] emulated by memoir.
Package setspace [2008/07/23] emulated by memoir.
Package shortvrb [2008/07/23] emulated by memoir.
Package showidx [2008/07/23] emulated by memoir.
Package titleref [2008/07/23] emulated by memoir.
Package titling [2008/07/23] emulated by memoir.
Package tocbibind [2008/07/23] emulated by memoir.
Package tocloft [2008/07/23] emulated by memoir.
Package tocvsec2 [2008/07/23] emulated by memoir.
Package verbatim [2008/07/23] emulated by memoir.
Package verse [2008/07/23] emulated by memoir.
)
(/nix/store/1m4rhd60j1fh2n9xl9irp07a2zigx4h6-texlive-combined-full-2021-final/s
hare/texmf/tex/latex/geometry/geometry.sty
Package: geometry 2020/01/02 v5.9 Page Geometry

(/nix/store/1m4rhd60j1fh2n9xl9irp07a2zigx4h6-texlive-combined-full-2021-final/s
hare/texmf/tex/latex/graphics/keyval.sty
Package: keyval 2014/10/28 v1.15 key=value parser (DPC)
\KV@toks@=\toks24
)
(/nix/store/1m4rhd60j1fh2n9xl9irp07a2zigx4h6-texlive-combined-full-2021-final/s
hare/texmf/tex/generic/iftex/ifvtex.sty
Package: ifvtex 2019/10/25 v1.7 ifvtex legacy package. Use iftex instead.
)
\Gm@cnth=\count306
\Gm@cntv=\count307
\c@Gm@tempcnt=\count308
\Gm@bindingoffset=\dimen183
\Gm@wd@mp=\dimen184
\Gm@odd@mp=\dimen185
\Gm@even@mp=\dimen186
\Gm@layoutwidth=\dimen187
\Gm@layoutheight=\dimen188
\Gm@layouthoffset=\dimen189
\Gm@layoutvoffset=\dimen190
\Gm@dimlist=\toks25
)
(/nix/store/1m4rhd60j1fh2n9xl9irp07a2zigx4h6-texlive-combined-full-2021-final/s
hare/texmf/tex/xelatex/xltxtra/xltxtra.sty
Package: xltxtra 2018/12/31 v0.7 Improvements for the "XeLaTeX" format

(/nix/store/1m4rhd60j1fh2n9xl9irp07a2zigx4h6-texlive-combined-full-2021-final/s
hare/texmf/tex/generic/iftex/ifluatex.sty
Package: ifluatex 2019/10/25 v1.5 ifluatex legacy package. Use iftex instead.
)
(/nix/store/1m4rhd60j1fh2n9xl9irp07a2zigx4h6-texlive-combined-full-2021-final/s
hare/texmf/tex/generic/iftex/ifxetex.sty
Package: ifxetex 2019/10/25 v0.7 ifxetex legacy package. Use iftex instead.
)
(/nix/store/1m4rhd60j1fh2n9xl9irp07a2zigx4h6-texlive-combined-full-2021-final/s
hare/texmf/tex/latex/fontspec/fontspec.sty
(/nix/store/1m4rhd60j1fh2n9xl9irp07a2zigx4h6-texlive-combined-full-2021-final/s
hare/texmf/tex/latex/l3packages/xparse/xparse.sty
(/nix/store/1m4rhd60j1fh2n9xl9irp07a2zigx4h6-texlive-combined-full-2021-final/s
hare/texmf/tex/latex/l3kernel/expl3.sty
Package: expl3 2022-02-24 L3 programming layer (loader) 

(/nix/store/1m4rhd60j1fh2n9xl9irp07a2zigx4h6-texlive-combined-full-2021-final/s
hare/texmf/tex/latex/l3backend/l3backend-xetex.def
File: l3backend-xetex.def 2022-02-07 L3 backend support: XeTeX
 (|extractbb --version)
\c__kernel_sys_dvipdfmx_version_int=\count309
\l__color_backend_stack_int=\count310
\g__color_backend_stack_int=\count311
\g__graphics_track_int=\count312
\l__pdf_internal_box=\box55
\g__pdf_backend_object_int=\count313
\g__pdf_backend_annotation_int=\count314
\g__pdf_backend_link_int=\count315
))
Package: xparse 2022-01-12 L3 Experimental document command parser
)
Package: fontspec 2022/01/15 v2.8a Font selection for XeLaTeX and LuaLaTeX

(/nix/store/1m4rhd60j1fh2n9xl9irp07a2zigx4h6-texlive-combined-full-2021-final/s
hare/texmf/tex/latex/fontspec/fontspec-xetex.sty
Package: fontspec-xetex 2022/01/15 v2.8a Font selection for XeLaTeX and LuaLaTe
X
\l__fontspec_script_int=\count316
\l__fontspec_language_int=\count317
\l__fontspec_strnum_int=\count318
\l__fontspec_tmp_int=\count319
\l__fontspec_tmpa_int=\count320
\l__fontspec_tmpb_int=\count321
\l__fontspec_tmpc_int=\count322
\l__fontspec_em_int=\count323
\l__fontspec_emdef_int=\count324
\l__fontspec_strong_int=\count325
\l__fontspec_strongdef_int=\count326
\l__fontspec_tmpa_dim=\dimen191
\l__fontspec_tmpb_dim=\dimen192
\l__fontspec_tmpc_dim=\dimen193

(/nix/store/1m4rhd60j1fh2n9xl9irp07a2zigx4h6-texlive-combined-full-2021-final/s
hare/texmf/tex/latex/base/fontenc.sty
Package: fontenc 2021/04/29 v2.0v Standard LaTeX package
)
(/nix/store/1m4rhd60j1fh2n9xl9irp07a2zigx4h6-texlive-combined-full-2021-final/s
hare/texmf/tex/latex/fontspec/fontspec.cfg)))
(/nix/store/1m4rhd60j1fh2n9xl9irp07a2zigx4h6-texlive-combined-full-2021-final/s
hare/texmf/tex/latex/realscripts/realscripts.sty
Package: realscripts 2016/02/13 v0.3d Access OpenType subscripts and superscrip
ts
\subsupersep=\dimen194
)
(/nix/store/1m4rhd60j1fh2n9xl9irp07a2zigx4h6-texlive-combined-full-2021-final/s
hare/texmf/tex/latex/metalogo/metalogo.sty
Package: metalogo 2010/05/29 v0.12 Extended TeX logo macros

(/nix/store/1m4rhd60j1fh2n9xl9irp07a2zigx4h6-texlive-combined-full-2021-final/s
hare/texmf/tex/latex/graphics/graphicx.sty
Package: graphicx 2021/09/16 v1.2d Enhanced LaTeX Graphics (DPC,SPQR)

(/nix/store/1m4rhd60j1fh2n9xl9irp07a2zigx4h6-texlive-combined-full-2021-final/s
hare/texmf/tex/latex/graphics/graphics.sty
Package: graphics 2021/03/04 v1.4d Standard LaTeX Graphics (DPC,SPQR)

(/nix/store/1m4rhd60j1fh2n9xl9irp07a2zigx4h6-texlive-combined-full-2021-final/s
hare/texmf/tex/latex/graphics/trig.sty
Package: trig 2021/08/11 v1.11 sin cos tan (DPC)
)
(/nix/store/1m4rhd60j1fh2n9xl9irp07a2zigx4h6-texlive-combined-full-2021-final/s
hare/texmf/tex/latex/graphics-cfg/graphics.cfg
File: graphics.cfg 2016/06/04 v1.11 sample graphics configuration
)
Package graphics Info: Driver file: xetex.def on input line 107.

(/nix/store/1m4rhd60j1fh2n9xl9irp07a2zigx4h6-texlive-combined-full-2021-final/s
hare/texmf/tex/latex/graphics-def/xetex.def
File: xetex.def 2021/03/18 v5.0k Graphics/color driver for xetex
))
\Gin@req@height=\dimen195
\Gin@req@width=\dimen196
)
\xl@everylogo=\toks26
\xl@@everylogo=\toks27
LaTeX Info: Redefining \TeX on input line 193.
LaTeX Info: Redefining \LaTeX on input line 202.
LaTeX Info: Redefining \LaTeXe on input line 219.
)
\l__xetex_show_hyphens_wrapping_box=\box56
\l__xetex_show_hyphens_temp_box=\box57
\l__xetex_show_hyphens_final_box=\box58
\g__xetex_show_hyphens_word_box=\box59
)
(/nix/store/1m4rhd60j1fh2n9xl9irp07a2zigx4h6-texlive-combined-full-2021-final/s
hare/texmf/tex/xelatex/xunicode/xunicode.sty
File: xunicode.sty 2011/09/09 v0.981 provides access to latin accents and many 
other characters in Unicode lower plane

(/nix/store/1m4rhd60j1fh2n9xl9irp07a2zigx4h6-texlive-combined-full-2021-final/s
hare/texmf/tex/latex/tipa/t3enc.def
File: t3enc.def 2001/12/31 T3 encoding
)
\tipaTiiicode=\count327
\tipasavetokens=\toks28
\tipachecktokens=\toks29
)

Package fontspec Info: Source Sans Pro scale = 0.8868289158284685.



Package fontspec Warning: OpenType feature 'Numbers=Uppercase' (lnum) not
(fontspec)                available for font 'Source Sans Pro' with script
(fontspec)                'CustomDefault' and language 'Default'.


Package fontspec Info: Source Sans Pro scale = 0.8868289158284685.


Package fontspec Warning: OpenType feature 'Numbers=Uppercase' (lnum) not
(fontspec)                available for font 'Source Sans Pro' with script
(fontspec)                'CustomDefault' and language 'Default'.


Package fontspec Info: Source Sans Pro scale = 0.8868289158284685.


Package fontspec Warning: OpenType feature 'Numbers=Uppercase' (lnum) not
(fontspec)                available for font 'Source Sans Pro' with script
(fontspec)                'CustomDefault' and language 'Default'.


Package fontspec Info: Source Sans Pro/B scale = 0.8689498230038771.


Package fontspec Warning: OpenType feature 'Numbers=Uppercase' (lnum) not
(fontspec)                available for font 'Source Sans Pro/B' with script
(fontspec)                'CustomDefault' and language 'Default'.


Package fontspec Info: Source Sans Pro/B scale = 0.8689498230038771.


Package fontspec Warning: OpenType feature 'Numbers=Uppercase' (lnum) not
(fontspec)                available for font 'Source Sans Pro/B' with script
(fontspec)                'CustomDefault' and language 'Default'.


Package fontspec Info: Source Sans Pro/I scale = 0.8868289158284685.


Package fontspec Warning: OpenType feature 'Numbers=Uppercase' (lnum) not
(fontspec)                available for font 'Source Sans Pro/I' with script
(fontspec)                'CustomDefault' and language 'Default'.


Package fontspec Info: Source Sans Pro/BI scale = 0.8689498230038771.


Package fontspec Warning: OpenType feature 'Numbers=Uppercase' (lnum) not
(fontspec)                available for font 'Source Sans Pro/BI' with script
(fontspec)                'CustomDefault' and language 'Default'.


Package fontspec Info: Font family 'SourceSansPro(0)' created for font 'Source
(fontspec)             Sans Pro' with options
(fontspec)             [Scale=MatchLowercase,Ligatures=TeX,Numbers=Uppercase].
(fontspec)              
(fontspec)              This font family consists of the following NFSS
(fontspec)             series/shapes:
(fontspec)              
(fontspec)             - 'normal' (m/n) with NFSS spec.:
(fontspec)             <->s*[0.8868289158284685]"Source Sans
(fontspec)             Pro/OT:script=latn;language=dflt;mapping=tex-text;"
(fontspec)             - 'small caps'  (m/sc) with NFSS spec.:
(fontspec)             <->s*[0.8868289158284685]"Source Sans
(fontspec)             Pro/OT:script=latn;language=dflt;+smcp;mapping=tex-text;
"
(fontspec)             - 'bold' (b/n) with NFSS spec.:
(fontspec)             <->s*[0.8689498230038771]"Source Sans
(fontspec)             Pro/B/OT:script=latn;language=dflt;mapping=tex-text;"
(fontspec)             - 'bold small caps'  (b/sc) with NFSS spec.:
(fontspec)             <->s*[0.8689498230038771]"Source Sans
(fontspec)             Pro/B/OT:script=latn;language=dflt;+smcp;mapping=tex-tex
t;"
(fontspec)             - 'italic' (m/it) with NFSS spec.:
(fontspec)             <->s*[0.8868289158284685]"Source Sans
(fontspec)             Pro/I/OT:script=latn;language=dflt;mapping=tex-text;"
(fontspec)             - 'italic small caps'  (m/scit) with NFSS spec.: 
(fontspec)             - 'bold italic' (b/it) with NFSS spec.:
(fontspec)             <->s*[0.8689498230038771]"Source Sans
(fontspec)             Pro/BI/OT:script=latn;language=dflt;mapping=tex-text;"
(fontspec)             - 'bold italic small caps'  (b/scit) with NFSS spec.: 

LaTeX Font Info:    Font shape `TU/SourceSansPro(0)/m/n' will be
(Font)              scaled to size 9.71072pt on input line 17.

(/nix/store/1m4rhd60j1fh2n9xl9irp07a2zigx4h6-texlive-combined-full-2021-final/s
hare/texmf/tex/latex/hyperref/hyperref.sty
Package: hyperref 2022-02-21 v7.00n Hypertext links for LaTeX

(/nix/store/1m4rhd60j1fh2n9xl9irp07a2zigx4h6-texlive-combined-full-2021-final/s
hare/texmf/tex/generic/ltxcmds/ltxcmds.sty
Package: ltxcmds 2020-05-10 v1.25 LaTeX kernel commands for general use (HO)
)
(/nix/store/1m4rhd60j1fh2n9xl9irp07a2zigx4h6-texlive-combined-full-2021-final/s
hare/texmf/tex/generic/pdftexcmds/pdftexcmds.sty
Package: pdftexcmds 2020-06-27 v0.33 Utility functions of pdfTeX for LuaTeX (HO
)

(/nix/store/1m4rhd60j1fh2n9xl9irp07a2zigx4h6-texlive-combined-full-2021-final/s
hare/texmf/tex/generic/infwarerr/infwarerr.sty
Package: infwarerr 2019/12/03 v1.5 Providing info/warning/error messages (HO)
)
Package pdftexcmds Info: \pdf@primitive is available.
Package pdftexcmds Info: \pdf@ifprimitive is available.
Package pdftexcmds Info: \pdfdraftmode not found.
)
(/nix/store/1m4rhd60j1fh2n9xl9irp07a2zigx4h6-texlive-combined-full-2021-final/s
hare/texmf/tex/generic/kvsetkeys/kvsetkeys.sty
Package: kvsetkeys 2019/12/15 v1.18 Key value parser (HO)
)
(/nix/store/1m4rhd60j1fh2n9xl9irp07a2zigx4h6-texlive-combined-full-2021-final/s
hare/texmf/tex/generic/kvdefinekeys/kvdefinekeys.sty
Package: kvdefinekeys 2019-12-19 v1.6 Define keys (HO)
)
(/nix/store/1m4rhd60j1fh2n9xl9irp07a2zigx4h6-texlive-combined-full-2021-final/s
hare/texmf/tex/generic/pdfescape/pdfescape.sty
Package: pdfescape 2019/12/09 v1.15 Implements pdfTeX's escape features (HO)
)
(/nix/store/1m4rhd60j1fh2n9xl9irp07a2zigx4h6-texlive-combined-full-2021-final/s
hare/texmf/tex/latex/hycolor/hycolor.sty
Package: hycolor 2020-01-27 v1.10 Color options for hyperref/bookmark (HO)
)
(/nix/store/1m4rhd60j1fh2n9xl9irp07a2zigx4h6-texlive-combined-full-2021-final/s
hare/texmf/tex/latex/letltxmacro/letltxmacro.sty
Package: letltxmacro 2019/12/03 v1.6 Let assignment for LaTeX macros (HO)
)
(/nix/store/1m4rhd60j1fh2n9xl9irp07a2zigx4h6-texlive-combined-full-2021-final/s
hare/texmf/tex/latex/auxhook/auxhook.sty
Package: auxhook 2019-12-17 v1.6 Hooks for auxiliary files (HO)
)
(/nix/store/1m4rhd60j1fh2n9xl9irp07a2zigx4h6-texlive-combined-full-2021-final/s
hare/texmf/tex/latex/kvoptions/kvoptions.sty
Package: kvoptions 2020-10-07 v3.14 Key value format for package options (HO)
)
\@linkdim=\dimen197
\Hy@linkcounter=\count328
\Hy@pagecounter=\count329

(/nix/store/1m4rhd60j1fh2n9xl9irp07a2zigx4h6-texlive-combined-full-2021-final/s
hare/texmf/tex/latex/hyperref/pd1enc.def
File: pd1enc.def 2022-02-21 v7.00n Hyperref: PDFDocEncoding definition (HO)
)
(/nix/store/1m4rhd60j1fh2n9xl9irp07a2zigx4h6-texlive-combined-full-2021-final/s
hare/texmf/tex/generic/intcalc/intcalc.sty
Package: intcalc 2019/12/15 v1.3 Expandable calculations with integers (HO)
)
(/nix/store/1m4rhd60j1fh2n9xl9irp07a2zigx4h6-texlive-combined-full-2021-final/s
hare/texmf/tex/generic/etexcmds/etexcmds.sty
Package: etexcmds 2019/12/15 v1.7 Avoid name clashes with e-TeX commands (HO)
)
\Hy@SavedSpaceFactor=\count330

(/nix/store/1m4rhd60j1fh2n9xl9irp07a2zigx4h6-texlive-combined-full-2021-final/s
hare/texmf/tex/latex/hyperref/puenc.def
File: puenc.def 2022-02-21 v7.00n Hyperref: PDF Unicode definition (HO)

(/nix/store/1m4rhd60j1fh2n9xl9irp07a2zigx4h6-texlive-combined-full-2021-final/s
hare/texmf/tex/latex/hyperref/puenc-greekbasic.def
File: puenc-greekbasic.def 2022-02-21 v7.00n Hyperref: PDF Unicode definition (
greek block) (HO)
))
Package hyperref Info: Hyper figures OFF on input line 4137.
Package hyperref Info: Link nesting OFF on input line 4142.
Package hyperref Info: Hyper index ON on input line 4145.
Package hyperref Info: Plain pages OFF on input line 4152.
Package hyperref Info: Backreferencing OFF on input line 4157.
Package hyperref Info: Implicit mode ON; LaTeX internals redefined.
Package hyperref Info: Bookmarks ON on input line 4390.
\c@Hy@tempcnt=\count331

(/nix/store/1m4rhd60j1fh2n9xl9irp07a2zigx4h6-texlive-combined-full-2021-final/s
hare/texmf/tex/latex/url/url.sty
\Urlmuskip=\muskip16
Package: url 2013/09/16  ver 3.4  Verb mode for urls, etc.
)
LaTeX Info: Redefining \url on input line 4749.
\XeTeXLinkMargin=\dimen198

(/nix/store/1m4rhd60j1fh2n9xl9irp07a2zigx4h6-texlive-combined-full-2021-final/s
hare/texmf/tex/generic/bitset/bitset.sty
Package: bitset 2019/12/09 v1.3 Handle bit-vector datatype (HO)

(/nix/store/1m4rhd60j1fh2n9xl9irp07a2zigx4h6-texlive-combined-full-2021-final/s
hare/texmf/tex/generic/bigintcalc/bigintcalc.sty
Package: bigintcalc 2019/12/15 v1.5 Expandable calculations on big integers (HO
)
))
\Fld@menulength=\count332
\Field@Width=\dimen199
\Fld@charsize=\dimen256
Package hyperref Info: Hyper figures OFF on input line 6027.
Package hyperref Info: Link nesting OFF on input line 6032.
Package hyperref Info: Hyper index ON on input line 6035.
Package hyperref Info: backreferencing OFF on input line 6042.
Package hyperref Info: Link coloring OFF on input line 6047.
Package hyperref Info: Link coloring with OCG OFF on input line 6052.
Package hyperref Info: PDF/A mode OFF on input line 6057.
LaTeX Info: Redefining \ref on input line 6097.
LaTeX Info: Redefining \pageref on input line 6101.

(/nix/store/1m4rhd60j1fh2n9xl9irp07a2zigx4h6-texlive-combined-full-2021-final/s
hare/texmf/tex/latex/base/atbegshi-ltx.sty
Package: atbegshi-ltx 2021/01/10 v1.0c Emulation of the original atbegshi
package with kernel methods
)
\Hy@abspage=\count333
\c@Item=\count334
\c@Hfootnote=\count335
)
(/nix/store/1m4rhd60j1fh2n9xl9irp07a2zigx4h6-texlive-combined-full-2021-final/s
hare/texmf/tex/latex/memoir/memhfixc.sty
Package: memhfixc 2021/06/16 v1.19 nameref/hyperref package fixes for memoir cl
ass
\c@memhycontfloat=\count336
\c@Hpagenote=\count337
)
Package hyperref Info: Driver (autodetected): hxetex.

(/nix/store/1m4rhd60j1fh2n9xl9irp07a2zigx4h6-texlive-combined-full-2021-final/s
hare/texmf/tex/latex/hyperref/hxetex.def
File: hxetex.def 2022-02-21 v7.00n Hyperref driver for XeTeX

(/nix/store/1m4rhd60j1fh2n9xl9irp07a2zigx4h6-texlive-combined-full-2021-final/s
hare/texmf/tex/generic/stringenc/stringenc.sty
Package: stringenc 2019/11/29 v1.12 Convert strings between diff. encodings (HO
)
)
\pdfm@box=\box60
\c@Hy@AnnotLevel=\count338
\HyField@AnnotCount=\count339
\Fld@listcount=\count340
\c@bookmark@seq@number=\count341

(/nix/store/1m4rhd60j1fh2n9xl9irp07a2zigx4h6-texlive-combined-full-2021-final/s
hare/texmf/tex/latex/rerunfilecheck/rerunfilecheck.sty
Package: rerunfilecheck 2019/12/05 v1.9 Rerun checks for auxiliary files (HO)

(/nix/store/1m4rhd60j1fh2n9xl9irp07a2zigx4h6-texlive-combined-full-2021-final/s
hare/texmf/tex/latex/base/atveryend-ltx.sty
Package: atveryend-ltx 2020/08/19 v1.0a Emulation of the original atveryend pac
kage
with kernel methods
)
(/nix/store/1m4rhd60j1fh2n9xl9irp07a2zigx4h6-texlive-combined-full-2021-final/s
hare/texmf/tex/generic/uniquecounter/uniquecounter.sty
Package: uniquecounter 2019/12/15 v1.4 Provide unlimited unique counter (HO)
)
Package uniquecounter Info: New unique counter `rerunfilecheck' on input line 2
86.
)
\Hy@SectionHShift=\skip191
)
(/nix/store/1m4rhd60j1fh2n9xl9irp07a2zigx4h6-texlive-combined-full-2021-final/s
hare/texmf/tex/latex/xcolor/xcolor.sty
Package: xcolor 2021/10/31 v2.13 LaTeX color extensions (UK)

(/nix/store/1m4rhd60j1fh2n9xl9irp07a2zigx4h6-texlive-combined-full-2021-final/s
hare/texmf/tex/latex/graphics-cfg/color.cfg
File: color.cfg 2016/01/02 v1.6 sample color configuration
)
Package xcolor Info: Driver file: xetex.def on input line 227.
Package xcolor Info: Model `cmy' substituted by `cmy0' on input line 1352.
Package xcolor Info: Model `RGB' extended on input line 1368.
Package xcolor Info: Model `HTML' substituted by `rgb' on input line 1370.
Package xcolor Info: Model `Hsb' substituted by `hsb' on input line 1371.
Package xcolor Info: Model `tHsb' substituted by `hsb' on input line 1372.
Package xcolor Info: Model `HSB' substituted by `hsb' on input line 1373.
Package xcolor Info: Model `Gray' substituted by `gray' on input line 1374.
Package xcolor Info: Model `wave' substituted by `hsb' on input line 1375.
)
(/nix/store/1m4rhd60j1fh2n9xl9irp07a2zigx4h6-texlive-combined-full-2021-final/s
hare/texmf/tex/latex/xifthen/xifthen.sty
Package: xifthen 2015/11/05 v1.4.0 Extended ifthen features

(/nix/store/1m4rhd60j1fh2n9xl9irp07a2zigx4h6-texlive-combined-full-2021-final/s
hare/texmf/tex/latex/tools/calc.sty
Package: calc 2017/05/25 v4.3 Infix arithmetic (KKT,FJ)
\calc@Acount=\count342
\calc@Bcount=\count343
\calc@Adimen=\dimen257
\calc@Bdimen=\dimen258
\calc@Askip=\skip192
\calc@Bskip=\skip193
LaTeX Info: Redefining \setlength on input line 80.
LaTeX Info: Redefining \addtolength on input line 81.
\calc@Ccount=\count344
\calc@Cskip=\skip194
)
(/nix/store/1m4rhd60j1fh2n9xl9irp07a2zigx4h6-texlive-combined-full-2021-final/s
hare/texmf/tex/latex/base/ifthen.sty
Package: ifthen 2020/11/24 v1.1c Standard LaTeX ifthen package (DPC)
))
(/nix/store/1m4rhd60j1fh2n9xl9irp07a2zigx4h6-texlive-combined-full-2021-final/s
hare/texmf/tex/latex/fancyhdr/fancyhdr.sty
Package: fancyhdr 2021/01/28 v4.0.1 Extensive control of page headers and foote
rs
\f@nch@headwidth=\skip195
\f@nch@O@elh=\skip196
\f@nch@O@erh=\skip197
\f@nch@O@olh=\skip198
\f@nch@O@orh=\skip199
\f@nch@O@elf=\skip256
\f@nch@O@erf=\skip257
\f@nch@O@olf=\skip258
\f@nch@O@orf=\skip259
)
(/nix/store/1m4rhd60j1fh2n9xl9irp07a2zigx4h6-texlive-combined-full-2021-final/s
hare/texmf/tex/latex/pgf/frontendlayer/tikz.sty
(/nix/store/1m4rhd60j1fh2n9xl9irp07a2zigx4h6-texlive-combined-full-2021-final/s
hare/texmf/tex/latex/pgf/basiclayer/pgf.sty
(/nix/store/1m4rhd60j1fh2n9xl9irp07a2zigx4h6-texlive-combined-full-2021-final/s
hare/texmf/tex/latex/pgf/utilities/pgfrcs.sty
(/nix/store/1m4rhd60j1fh2n9xl9irp07a2zigx4h6-texlive-combined-full-2021-final/s
hare/texmf/tex/generic/pgf/utilities/pgfutil-common.tex
\pgfutil@everybye=\toks30
\pgfutil@tempdima=\dimen259
\pgfutil@tempdimb=\dimen260

(/nix/store/1m4rhd60j1fh2n9xl9irp07a2zigx4h6-texlive-combined-full-2021-final/s
hare/texmf/tex/generic/pgf/utilities/pgfutil-common-lists.tex))
(/nix/store/1m4rhd60j1fh2n9xl9irp07a2zigx4h6-texlive-combined-full-2021-final/s
hare/texmf/tex/generic/pgf/utilities/pgfutil-latex.def
\pgfutil@abb=\box61
)
(/nix/store/1m4rhd60j1fh2n9xl9irp07a2zigx4h6-texlive-combined-full-2021-final/s
hare/texmf/tex/generic/pgf/utilities/pgfrcs.code.tex
(/nix/store/1m4rhd60j1fh2n9xl9irp07a2zigx4h6-texlive-combined-full-2021-final/s
hare/texmf/tex/generic/pgf/pgf.revision.tex)
Package: pgfrcs 2021/05/15 v3.1.9a (3.1.9a)
))
Package: pgf 2021/05/15 v3.1.9a (3.1.9a)

(/nix/store/1m4rhd60j1fh2n9xl9irp07a2zigx4h6-texlive-combined-full-2021-final/s
hare/texmf/tex/latex/pgf/basiclayer/pgfcore.sty
(/nix/store/1m4rhd60j1fh2n9xl9irp07a2zigx4h6-texlive-combined-full-2021-final/s
hare/texmf/tex/latex/pgf/systemlayer/pgfsys.sty
(/nix/store/1m4rhd60j1fh2n9xl9irp07a2zigx4h6-texlive-combined-full-2021-final/s
hare/texmf/tex/generic/pgf/systemlayer/pgfsys.code.tex
Package: pgfsys 2021/05/15 v3.1.9a (3.1.9a)

(/nix/store/1m4rhd60j1fh2n9xl9irp07a2zigx4h6-texlive-combined-full-2021-final/s
hare/texmf/tex/generic/pgf/utilities/pgfkeys.code.tex
\pgfkeys@pathtoks=\toks31
\pgfkeys@temptoks=\toks32

(/nix/store/1m4rhd60j1fh2n9xl9irp07a2zigx4h6-texlive-combined-full-2021-final/s
hare/texmf/tex/generic/pgf/utilities/pgfkeysfiltered.code.tex
\pgfkeys@tmptoks=\toks33
))
\pgf@x=\dimen261
\pgf@y=\dimen262
\pgf@xa=\dimen263
\pgf@ya=\dimen264
\pgf@xb=\dimen265
\pgf@yb=\dimen266
\pgf@xc=\dimen267
\pgf@yc=\dimen268
\pgf@xd=\dimen269
\pgf@yd=\dimen270
\w@pgf@writea=\write4
\r@pgf@reada=\read3
\c@pgf@counta=\count345
\c@pgf@countb=\count346
\c@pgf@countc=\count347
\c@pgf@countd=\count348
\t@pgf@toka=\toks34
\t@pgf@tokb=\toks35
\t@pgf@tokc=\toks36
\pgf@sys@id@count=\count349

(/nix/store/1m4rhd60j1fh2n9xl9irp07a2zigx4h6-texlive-combined-full-2021-final/s
hare/texmf/tex/generic/pgf/systemlayer/pgf.cfg
File: pgf.cfg 2021/05/15 v3.1.9a (3.1.9a)
)
Driver file for pgf: pgfsys-xetex.def

(/nix/store/1m4rhd60j1fh2n9xl9irp07a2zigx4h6-texlive-combined-full-2021-final/s
hare/texmf/tex/generic/pgf/systemlayer/pgfsys-xetex.def
File: pgfsys-xetex.def 2021/05/15 v3.1.9a (3.1.9a)

(/nix/store/1m4rhd60j1fh2n9xl9irp07a2zigx4h6-texlive-combined-full-2021-final/s
hare/texmf/tex/generic/pgf/systemlayer/pgfsys-dvipdfmx.def
File: pgfsys-dvipdfmx.def 2021/05/15 v3.1.9a (3.1.9a)

(/nix/store/1m4rhd60j1fh2n9xl9irp07a2zigx4h6-texlive-combined-full-2021-final/s
hare/texmf/tex/generic/pgf/systemlayer/pgfsys-common-pdf.def
File: pgfsys-common-pdf.def 2021/05/15 v3.1.9a (3.1.9a)
)
\pgfsys@objnum=\count350
)))
(/nix/store/1m4rhd60j1fh2n9xl9irp07a2zigx4h6-texlive-combined-full-2021-final/s
hare/texmf/tex/generic/pgf/systemlayer/pgfsyssoftpath.code.tex
File: pgfsyssoftpath.code.tex 2021/05/15 v3.1.9a (3.1.9a)
\pgfsyssoftpath@smallbuffer@items=\count351
\pgfsyssoftpath@bigbuffer@items=\count352
)
(/nix/store/1m4rhd60j1fh2n9xl9irp07a2zigx4h6-texlive-combined-full-2021-final/s
hare/texmf/tex/generic/pgf/systemlayer/pgfsysprotocol.code.tex
File: pgfsysprotocol.code.tex 2021/05/15 v3.1.9a (3.1.9a)
))
(/nix/store/1m4rhd60j1fh2n9xl9irp07a2zigx4h6-texlive-combined-full-2021-final/s
hare/texmf/tex/generic/pgf/basiclayer/pgfcore.code.tex
Package: pgfcore 2021/05/15 v3.1.9a (3.1.9a)

(/nix/store/1m4rhd60j1fh2n9xl9irp07a2zigx4h6-texlive-combined-full-2021-final/s
hare/texmf/tex/generic/pgf/math/pgfmath.code.tex
(/nix/store/1m4rhd60j1fh2n9xl9irp07a2zigx4h6-texlive-combined-full-2021-final/s
hare/texmf/tex/generic/pgf/math/pgfmathcalc.code.tex
(/nix/store/1m4rhd60j1fh2n9xl9irp07a2zigx4h6-texlive-combined-full-2021-final/s
hare/texmf/tex/generic/pgf/math/pgfmathutil.code.tex)
(/nix/store/1m4rhd60j1fh2n9xl9irp07a2zigx4h6-texlive-combined-full-2021-final/s
hare/texmf/tex/generic/pgf/math/pgfmathparser.code.tex
\pgfmath@dimen=\dimen271
\pgfmath@count=\count353
\pgfmath@box=\box62
\pgfmath@toks=\toks37
\pgfmath@stack@operand=\toks38
\pgfmath@stack@operation=\toks39
)
(/nix/store/1m4rhd60j1fh2n9xl9irp07a2zigx4h6-texlive-combined-full-2021-final/s
hare/texmf/tex/generic/pgf/math/pgfmathfunctions.code.tex
(/nix/store/1m4rhd60j1fh2n9xl9irp07a2zigx4h6-texlive-combined-full-2021-final/s
hare/texmf/tex/generic/pgf/math/pgfmathfunctions.basic.code.tex)
(/nix/store/1m4rhd60j1fh2n9xl9irp07a2zigx4h6-texlive-combined-full-2021-final/s
hare/texmf/tex/generic/pgf/math/pgfmathfunctions.trigonometric.code.tex)
(/nix/store/1m4rhd60j1fh2n9xl9irp07a2zigx4h6-texlive-combined-full-2021-final/s
hare/texmf/tex/generic/pgf/math/pgfmathfunctions.random.code.tex)
(/nix/store/1m4rhd60j1fh2n9xl9irp07a2zigx4h6-texlive-combined-full-2021-final/s
hare/texmf/tex/generic/pgf/math/pgfmathfunctions.comparison.code.tex)
(/nix/store/1m4rhd60j1fh2n9xl9irp07a2zigx4h6-texlive-combined-full-2021-final/s
hare/texmf/tex/generic/pgf/math/pgfmathfunctions.base.code.tex)
(/nix/store/1m4rhd60j1fh2n9xl9irp07a2zigx4h6-texlive-combined-full-2021-final/s
hare/texmf/tex/generic/pgf/math/pgfmathfunctions.round.code.tex)
(/nix/store/1m4rhd60j1fh2n9xl9irp07a2zigx4h6-texlive-combined-full-2021-final/s
hare/texmf/tex/generic/pgf/math/pgfmathfunctions.misc.code.tex)
(/nix/store/1m4rhd60j1fh2n9xl9irp07a2zigx4h6-texlive-combined-full-2021-final/s
hare/texmf/tex/generic/pgf/math/pgfmathfunctions.integerarithmetics.code.tex)))

(/nix/store/1m4rhd60j1fh2n9xl9irp07a2zigx4h6-texlive-combined-full-2021-final/s
hare/texmf/tex/generic/pgf/math/pgfmathfloat.code.tex
\c@pgfmathroundto@lastzeros=\count354
))
(/nix/store/1m4rhd60j1fh2n9xl9irp07a2zigx4h6-texlive-combined-full-2021-final/s
hare/texmf/tex/generic/pgf/math/pgfint.code.tex)
(/nix/store/1m4rhd60j1fh2n9xl9irp07a2zigx4h6-texlive-combined-full-2021-final/s
hare/texmf/tex/generic/pgf/basiclayer/pgfcorepoints.code.tex
File: pgfcorepoints.code.tex 2021/05/15 v3.1.9a (3.1.9a)
\pgf@picminx=\dimen272
\pgf@picmaxx=\dimen273
\pgf@picminy=\dimen274
\pgf@picmaxy=\dimen275
\pgf@pathminx=\dimen276
\pgf@pathmaxx=\dimen277
\pgf@pathminy=\dimen278
\pgf@pathmaxy=\dimen279
\pgf@xx=\dimen280
\pgf@xy=\dimen281
\pgf@yx=\dimen282
\pgf@yy=\dimen283
\pgf@zx=\dimen284
\pgf@zy=\dimen285
)
(/nix/store/1m4rhd60j1fh2n9xl9irp07a2zigx4h6-texlive-combined-full-2021-final/s
hare/texmf/tex/generic/pgf/basiclayer/pgfcorepathconstruct.code.tex
File: pgfcorepathconstruct.code.tex 2021/05/15 v3.1.9a (3.1.9a)
\pgf@path@lastx=\dimen286
\pgf@path@lasty=\dimen287
)
(/nix/store/1m4rhd60j1fh2n9xl9irp07a2zigx4h6-texlive-combined-full-2021-final/s
hare/texmf/tex/generic/pgf/basiclayer/pgfcorepathusage.code.tex
File: pgfcorepathusage.code.tex 2021/05/15 v3.1.9a (3.1.9a)
\pgf@shorten@end@additional=\dimen288
\pgf@shorten@start@additional=\dimen289
)
(/nix/store/1m4rhd60j1fh2n9xl9irp07a2zigx4h6-texlive-combined-full-2021-final/s
hare/texmf/tex/generic/pgf/basiclayer/pgfcorescopes.code.tex
File: pgfcorescopes.code.tex 2021/05/15 v3.1.9a (3.1.9a)
\pgfpic=\box63
\pgf@hbox=\box64
\pgf@layerbox@main=\box65
\pgf@picture@serial@count=\count355
)
(/nix/store/1m4rhd60j1fh2n9xl9irp07a2zigx4h6-texlive-combined-full-2021-final/s
hare/texmf/tex/generic/pgf/basiclayer/pgfcoregraphicstate.code.tex
File: pgfcoregraphicstate.code.tex 2021/05/15 v3.1.9a (3.1.9a)
\pgflinewidth=\dimen290
)
(/nix/store/1m4rhd60j1fh2n9xl9irp07a2zigx4h6-texlive-combined-full-2021-final/s
hare/texmf/tex/generic/pgf/basiclayer/pgfcoretransformations.code.tex
File: pgfcoretransformations.code.tex 2021/05/15 v3.1.9a (3.1.9a)
\pgf@pt@x=\dimen291
\pgf@pt@y=\dimen292
\pgf@pt@temp=\dimen293
)
(/nix/store/1m4rhd60j1fh2n9xl9irp07a2zigx4h6-texlive-combined-full-2021-final/s
hare/texmf/tex/generic/pgf/basiclayer/pgfcorequick.code.tex
File: pgfcorequick.code.tex 2021/05/15 v3.1.9a (3.1.9a)
)
(/nix/store/1m4rhd60j1fh2n9xl9irp07a2zigx4h6-texlive-combined-full-2021-final/s
hare/texmf/tex/generic/pgf/basiclayer/pgfcoreobjects.code.tex
File: pgfcoreobjects.code.tex 2021/05/15 v3.1.9a (3.1.9a)
)
(/nix/store/1m4rhd60j1fh2n9xl9irp07a2zigx4h6-texlive-combined-full-2021-final/s
hare/texmf/tex/generic/pgf/basiclayer/pgfcorepathprocessing.code.tex
File: pgfcorepathprocessing.code.tex 2021/05/15 v3.1.9a (3.1.9a)
)
(/nix/store/1m4rhd60j1fh2n9xl9irp07a2zigx4h6-texlive-combined-full-2021-final/s
hare/texmf/tex/generic/pgf/basiclayer/pgfcorearrows.code.tex
File: pgfcorearrows.code.tex 2021/05/15 v3.1.9a (3.1.9a)
\pgfarrowsep=\dimen294
)
(/nix/store/1m4rhd60j1fh2n9xl9irp07a2zigx4h6-texlive-combined-full-2021-final/s
hare/texmf/tex/generic/pgf/basiclayer/pgfcoreshade.code.tex
File: pgfcoreshade.code.tex 2021/05/15 v3.1.9a (3.1.9a)
\pgf@max=\dimen295
\pgf@sys@shading@range@num=\count356
\pgf@shadingcount=\count357
)
(/nix/store/1m4rhd60j1fh2n9xl9irp07a2zigx4h6-texlive-combined-full-2021-final/s
hare/texmf/tex/generic/pgf/basiclayer/pgfcoreimage.code.tex
File: pgfcoreimage.code.tex 2021/05/15 v3.1.9a (3.1.9a)

(/nix/store/1m4rhd60j1fh2n9xl9irp07a2zigx4h6-texlive-combined-full-2021-final/s
hare/texmf/tex/generic/pgf/basiclayer/pgfcoreexternal.code.tex
File: pgfcoreexternal.code.tex 2021/05/15 v3.1.9a (3.1.9a)
\pgfexternal@startupbox=\box66
))
(/nix/store/1m4rhd60j1fh2n9xl9irp07a2zigx4h6-texlive-combined-full-2021-final/s
hare/texmf/tex/generic/pgf/basiclayer/pgfcorelayers.code.tex
File: pgfcorelayers.code.tex 2021/05/15 v3.1.9a (3.1.9a)
)
(/nix/store/1m4rhd60j1fh2n9xl9irp07a2zigx4h6-texlive-combined-full-2021-final/s
hare/texmf/tex/generic/pgf/basiclayer/pgfcoretransparency.code.tex
File: pgfcoretransparency.code.tex 2021/05/15 v3.1.9a (3.1.9a)
)
(/nix/store/1m4rhd60j1fh2n9xl9irp07a2zigx4h6-texlive-combined-full-2021-final/s
hare/texmf/tex/generic/pgf/basiclayer/pgfcorepatterns.code.tex
File: pgfcorepatterns.code.tex 2021/05/15 v3.1.9a (3.1.9a)
)
(/nix/store/1m4rhd60j1fh2n9xl9irp07a2zigx4h6-texlive-combined-full-2021-final/s
hare/texmf/tex/generic/pgf/basiclayer/pgfcorerdf.code.tex
File: pgfcorerdf.code.tex 2021/05/15 v3.1.9a (3.1.9a)
)))
(/nix/store/1m4rhd60j1fh2n9xl9irp07a2zigx4h6-texlive-combined-full-2021-final/s
hare/texmf/tex/generic/pgf/modules/pgfmoduleshapes.code.tex
File: pgfmoduleshapes.code.tex 2021/05/15 v3.1.9a (3.1.9a)
\pgfnodeparttextbox=\box67
)
(/nix/store/1m4rhd60j1fh2n9xl9irp07a2zigx4h6-texlive-combined-full-2021-final/s
hare/texmf/tex/generic/pgf/modules/pgfmoduleplot.code.tex
File: pgfmoduleplot.code.tex 2021/05/15 v3.1.9a (3.1.9a)
)
(/nix/store/1m4rhd60j1fh2n9xl9irp07a2zigx4h6-texlive-combined-full-2021-final/s
hare/texmf/tex/latex/pgf/compatibility/pgfcomp-version-0-65.sty
Package: pgfcomp-version-0-65 2021/05/15 v3.1.9a (3.1.9a)
\pgf@nodesepstart=\dimen296
\pgf@nodesepend=\dimen297
)
(/nix/store/1m4rhd60j1fh2n9xl9irp07a2zigx4h6-texlive-combined-full-2021-final/s
hare/texmf/tex/latex/pgf/compatibility/pgfcomp-version-1-18.sty
Package: pgfcomp-version-1-18 2021/05/15 v3.1.9a (3.1.9a)
))
(/nix/store/1m4rhd60j1fh2n9xl9irp07a2zigx4h6-texlive-combined-full-2021-final/s
hare/texmf/tex/latex/pgf/utilities/pgffor.sty
(/nix/store/1m4rhd60j1fh2n9xl9irp07a2zigx4h6-texlive-combined-full-2021-final/s
hare/texmf/tex/latex/pgf/utilities/pgfkeys.sty
(/nix/store/1m4rhd60j1fh2n9xl9irp07a2zigx4h6-texlive-combined-full-2021-final/s
hare/texmf/tex/generic/pgf/utilities/pgfkeys.code.tex))
(/nix/store/1m4rhd60j1fh2n9xl9irp07a2zigx4h6-texlive-combined-full-2021-final/s
hare/texmf/tex/latex/pgf/math/pgfmath.sty
(/nix/store/1m4rhd60j1fh2n9xl9irp07a2zigx4h6-texlive-combined-full-2021-final/s
hare/texmf/tex/generic/pgf/math/pgfmath.code.tex))
(/nix/store/1m4rhd60j1fh2n9xl9irp07a2zigx4h6-texlive-combined-full-2021-final/s
hare/texmf/tex/generic/pgf/utilities/pgffor.code.tex
Package: pgffor 2021/05/15 v3.1.9a (3.1.9a)

(/nix/store/1m4rhd60j1fh2n9xl9irp07a2zigx4h6-texlive-combined-full-2021-final/s
hare/texmf/tex/generic/pgf/math/pgfmath.code.tex)
\pgffor@iter=\dimen298
\pgffor@skip=\dimen299
\pgffor@stack=\toks40
\pgffor@toks=\toks41
))
(/nix/store/1m4rhd60j1fh2n9xl9irp07a2zigx4h6-texlive-combined-full-2021-final/s
hare/texmf/tex/generic/pgf/frontendlayer/tikz/tikz.code.tex
Package: tikz 2021/05/15 v3.1.9a (3.1.9a)

(/nix/store/1m4rhd60j1fh2n9xl9irp07a2zigx4h6-texlive-combined-full-2021-final/s
hare/texmf/tex/generic/pgf/libraries/pgflibraryplothandlers.code.tex
File: pgflibraryplothandlers.code.tex 2021/05/15 v3.1.9a (3.1.9a)
\pgf@plot@mark@count=\count358
\pgfplotmarksize=\dimen300
)
\tikz@lastx=\dimen301
\tikz@lasty=\dimen302
\tikz@lastxsaved=\dimen303
\tikz@lastysaved=\dimen304
\tikz@lastmovetox=\dimen305
\tikz@lastmovetoy=\dimen306
\tikzleveldistance=\dimen307
\tikzsiblingdistance=\dimen308
\tikz@figbox=\box68
\tikz@figbox@bg=\box69
\tikz@tempbox=\box70
\tikz@tempbox@bg=\box71
\tikztreelevel=\count359
\tikznumberofchildren=\count360
\tikznumberofcurrentchild=\count361
\tikz@fig@count=\count362

(/nix/store/1m4rhd60j1fh2n9xl9irp07a2zigx4h6-texlive-combined-full-2021-final/s
hare/texmf/tex/generic/pgf/modules/pgfmodulematrix.code.tex
File: pgfmodulematrix.code.tex 2021/05/15 v3.1.9a (3.1.9a)
\pgfmatrixcurrentrow=\count363
\pgfmatrixcurrentcolumn=\count364
\pgf@matrix@numberofcolumns=\count365
)
\tikz@expandcount=\count366

(/nix/store/1m4rhd60j1fh2n9xl9irp07a2zigx4h6-texlive-combined-full-2021-final/s
hare/texmf/tex/generic/pgf/frontendlayer/tikz/libraries/tikzlibrarytopaths.code
.tex
File: tikzlibrarytopaths.code.tex 2021/05/15 v3.1.9a (3.1.9a)
)))
(/nix/store/1m4rhd60j1fh2n9xl9irp07a2zigx4h6-texlive-combined-full-2021-final/s
hare/texmf/tex/latex/tikzpagenodes/tikzpagenodes.sty
Package: tikzpagenodes 2012/09/16 v1.1 Special PGF/TikZ nodes for areas of the 
page

(/nix/store/1m4rhd60j1fh2n9xl9irp07a2zigx4h6-texlive-combined-full-2021-final/s
hare/texmf/tex/latex/ifoddpage/ifoddpage.sty
Package: ifoddpage 2016/04/23 v1.1 Conditionals for odd/even page detection
\c@checkoddpage=\count367
LaTeX Info: Redefining \checkoddpage on input line 45.
))
(/nix/store/1m4rhd60j1fh2n9xl9irp07a2zigx4h6-texlive-combined-full-2021-final/s
hare/texmf/tex/generic/pgf/frontendlayer/tikz/libraries/tikzlibraryshapes.code.
tex
File: tikzlibraryshapes.code.tex 2021/05/15 v3.1.9a (3.1.9a)

(/nix/store/1m4rhd60j1fh2n9xl9irp07a2zigx4h6-texlive-combined-full-2021-final/s
hare/texmf/tex/generic/pgf/frontendlayer/tikz/libraries/tikzlibraryshapes.geome
tric.code.tex
File: tikzlibraryshapes.geometric.code.tex 2021/05/15 v3.1.9a (3.1.9a)

(/nix/store/1m4rhd60j1fh2n9xl9irp07a2zigx4h6-texlive-combined-full-2021-final/s
hare/texmf/tex/generic/pgf/libraries/shapes/pgflibraryshapes.geometric.code.tex
File: pgflibraryshapes.geometric.code.tex 2021/05/15 v3.1.9a (3.1.9a)
))
(/nix/store/1m4rhd60j1fh2n9xl9irp07a2zigx4h6-texlive-combined-full-2021-final/s
hare/texmf/tex/generic/pgf/frontendlayer/tikz/libraries/tikzlibraryshapes.misc.
code.tex
File: tikzlibraryshapes.misc.code.tex 2021/05/15 v3.1.9a (3.1.9a)

(/nix/store/1m4rhd60j1fh2n9xl9irp07a2zigx4h6-texlive-combined-full-2021-final/s
hare/texmf/tex/generic/pgf/libraries/shapes/pgflibraryshapes.misc.code.tex
File: pgflibraryshapes.misc.code.tex 2021/05/15 v3.1.9a (3.1.9a)
))
(/nix/store/1m4rhd60j1fh2n9xl9irp07a2zigx4h6-texlive-combined-full-2021-final/s
hare/texmf/tex/generic/pgf/frontendlayer/tikz/libraries/tikzlibraryshapes.symbo
ls.code.tex
File: tikzlibraryshapes.symbols.code.tex 2021/05/15 v3.1.9a (3.1.9a)

(/nix/store/1m4rhd60j1fh2n9xl9irp07a2zigx4h6-texlive-combined-full-2021-final/s
hare/texmf/tex/generic/pgf/libraries/shapes/pgflibraryshapes.symbols.code.tex
File: pgflibraryshapes.symbols.code.tex 2021/05/15 v3.1.9a (3.1.9a)
))
(/nix/store/1m4rhd60j1fh2n9xl9irp07a2zigx4h6-texlive-combined-full-2021-final/s
hare/texmf/tex/generic/pgf/frontendlayer/tikz/libraries/tikzlibraryshapes.arrow
s.code.tex
File: tikzlibraryshapes.arrows.code.tex 2021/05/15 v3.1.9a (3.1.9a)

(/nix/store/1m4rhd60j1fh2n9xl9irp07a2zigx4h6-texlive-combined-full-2021-final/s
hare/texmf/tex/generic/pgf/libraries/shapes/pgflibraryshapes.arrows.code.tex
File: pgflibraryshapes.arrows.code.tex 2021/05/15 v3.1.9a (3.1.9a)
))
(/nix/store/1m4rhd60j1fh2n9xl9irp07a2zigx4h6-texlive-combined-full-2021-final/s
hare/texmf/tex/generic/pgf/frontendlayer/tikz/libraries/tikzlibraryshapes.callo
uts.code.tex
(/nix/store/1m4rhd60j1fh2n9xl9irp07a2zigx4h6-texlive-combined-full-2021-final/s
hare/texmf/tex/generic/pgf/libraries/shapes/pgflibraryshapes.callouts.code.tex)
)
(/nix/store/1m4rhd60j1fh2n9xl9irp07a2zigx4h6-texlive-combined-full-2021-final/s
hare/texmf/tex/generic/pgf/frontendlayer/tikz/libraries/tikzlibraryshapes.multi
part.code.tex
File: tikzlibraryshapes.multipart.code.tex 2021/05/15 v3.1.9a (3.1.9a)

(/nix/store/1m4rhd60j1fh2n9xl9irp07a2zigx4h6-texlive-combined-full-2021-final/s
hare/texmf/tex/generic/pgf/libraries/shapes/pgflibraryshapes.multipart.code.tex
File: pgflibraryshapes.multipart.code.tex 2021/05/15 v3.1.9a (3.1.9a)
\pgfnodepartlowerbox=\box72
\pgfnodeparttwobox=\box73
\pgfnodepartthreebox=\box74
\pgfnodepartfourbox=\box75
\pgfnodeparttwentybox=\box76
\pgfnodepartnineteenbox=\box77
\pgfnodeparteighteenbox=\box78
\pgfnodepartseventeenbox=\box79
\pgfnodepartsixteenbox=\box80
\pgfnodepartfifteenbox=\box81
\pgfnodepartfourteenbox=\box82
\pgfnodepartthirteenbox=\box83
\pgfnodeparttwelvebox=\box84
\pgfnodepartelevenbox=\box85
\pgfnodeparttenbox=\box86
\pgfnodepartninebox=\box87
\pgfnodeparteightbox=\box88
\pgfnodepartsevenbox=\box89
\pgfnodepartsixbox=\box90
\pgfnodepartfivebox=\box91
)))
(/nix/store/1m4rhd60j1fh2n9xl9irp07a2zigx4h6-texlive-combined-full-2021-final/s
hare/texmf/tex/generic/pgf/frontendlayer/tikz/libraries/tikzlibraryarrows.code.
tex
File: tikzlibraryarrows.code.tex 2021/05/15 v3.1.9a (3.1.9a)

(/nix/store/1m4rhd60j1fh2n9xl9irp07a2zigx4h6-texlive-combined-full-2021-final/s
hare/texmf/tex/generic/pgf/libraries/pgflibraryarrows.code.tex
File: pgflibraryarrows.code.tex 2021/05/15 v3.1.9a (3.1.9a)
\arrowsize=\dimen309
))
(/nix/store/1m4rhd60j1fh2n9xl9irp07a2zigx4h6-texlive-combined-full-2021-final/s
hare/texmf/tex/generic/pgf/frontendlayer/tikz/libraries/tikzlibraryshadows.code
.tex
File: tikzlibraryshadows.code.tex 2021/05/15 v3.1.9a (3.1.9a)

(/nix/store/1m4rhd60j1fh2n9xl9irp07a2zigx4h6-texlive-combined-full-2021-final/s
hare/texmf/tex/generic/pgf/frontendlayer/tikz/libraries/tikzlibraryfadings.code
.tex
File: tikzlibraryfadings.code.tex 2021/05/15 v3.1.9a (3.1.9a)

(/nix/store/1m4rhd60j1fh2n9xl9irp07a2zigx4h6-texlive-combined-full-2021-final/s
hare/texmf/tex/generic/pgf/libraries/pgflibraryfadings.code.tex
File: pgflibraryfadings.code.tex 2021/05/15 v3.1.9a (3.1.9a)
)))
(/nix/store/1m4rhd60j1fh2n9xl9irp07a2zigx4h6-texlive-combined-full-2021-final/s
hare/texmf/tex/generic/pgf/frontendlayer/tikz/libraries/tikzlibrarybackgrounds.
code.tex
File: tikzlibrarybackgrounds.code.tex 2021/05/15 v3.1.9a (3.1.9a)
\pgf@layerbox@background=\box92
\pgf@layerboxsaved@background=\box93
)
(/nix/store/1m4rhd60j1fh2n9xl9irp07a2zigx4h6-texlive-combined-full-2021-final/s
hare/texmf/tex/generic/pgf/frontendlayer/tikz/libraries/tikzlibrarypositioning.
code.tex
File: tikzlibrarypositioning.code.tex 2021/05/15 v3.1.9a (3.1.9a)
)
(/nix/store/1m4rhd60j1fh2n9xl9irp07a2zigx4h6-texlive-combined-full-2021-final/s
hare/texmf/tex/generic/pgf/frontendlayer/tikz/libraries/tikzlibrarytrees.code.t
ex
File: tikzlibrarytrees.code.tex 2021/05/15 v3.1.9a (3.1.9a)
)
(/nix/store/1m4rhd60j1fh2n9xl9irp07a2zigx4h6-texlive-combined-full-2021-final/s
hare/texmf/tex/generic/pgf/frontendlayer/tikz/libraries/tikzlibrarycalc.code.te
x
File: tikzlibrarycalc.code.tex 2021/05/15 v3.1.9a (3.1.9a)
)
(/nix/store/1m4rhd60j1fh2n9xl9irp07a2zigx4h6-texlive-combined-full-2021-final/s
hare/texmf/tex/generic/pgf/frontendlayer/tikz/libraries/tikzlibraryfit.code.tex
File: tikzlibraryfit.code.tex 2021/05/15 v3.1.9a (3.1.9a)
)
(/nix/store/1m4rhd60j1fh2n9xl9irp07a2zigx4h6-texlive-combined-full-2021-final/s
hare/texmf/tex/latex/caption/subcaption.sty
Package: subcaption 2022/01/07 v1.5 Sub-captions (AR)

(/nix/store/1m4rhd60j1fh2n9xl9irp07a2zigx4h6-texlive-combined-full-2021-final/s
hare/texmf/tex/latex/caption/caption.sty
Package: caption 2022/03/01 v3.6b Customizing captions (AR)

(/nix/store/1m4rhd60j1fh2n9xl9irp07a2zigx4h6-texlive-combined-full-2021-final/s
hare/texmf/tex/latex/caption/caption3.sty
Package: caption3 2022/03/17 v2.3b caption3 kernel (AR)
\caption@tempdima=\dimen310
\captionmargin=\dimen311
\caption@leftmargin=\dimen312
\caption@rightmargin=\dimen313
\caption@width=\dimen314
\caption@indent=\dimen315
\caption@parindent=\dimen316
\caption@hangindent=\dimen317
Package caption Info: memoir document class detected.

(/nix/store/1m4rhd60j1fh2n9xl9irp07a2zigx4h6-texlive-combined-full-2021-final/s
hare/texmf/tex/latex/caption/caption-memoir.sto
File: caption-memoir.sto 2022/03/02 v2.2b Adaption of the caption package to th
e memoir document class (AR)
))
\c@caption@flags=\count368
\c@continuedfloat=\count369
Package caption Info: changepage package is loaded.
\caption@adjustwidth@hsize=\dimen318
\caption@adjustwidth@linewidth=\dimen319
Package caption Info: hyperref package is loaded.
)
\c@subfigure=\count370
\c@subtable=\count371
)
(/nix/store/1m4rhd60j1fh2n9xl9irp07a2zigx4h6-texlive-combined-full-2021-final/s
hare/texmf/tex/latex/pdfpages/pdfpages.sty
Package: pdfpages 2022/01/29 v0.5u Insert pages of external PDF documents (AM)

(/nix/store/1m4rhd60j1fh2n9xl9irp07a2zigx4h6-texlive-combined-full-2021-final/s
hare/texmf/tex/latex/eso-pic/eso-pic.sty
Package: eso-pic 2020/10/14 v3.0a eso-pic (RN)
\ESO@tempdima=\dimen320
\ESO@tempdimb=\dimen321
)
\AM@pagewidth=\dimen322
\AM@pageheight=\dimen323
\AM@fboxrule=\dimen324

(/nix/store/1m4rhd60j1fh2n9xl9irp07a2zigx4h6-texlive-combined-full-2021-final/s
hare/texmf/tex/latex/pdfpages/ppxetex.def
File: ppxetex.def 2022/01/29 v0.5u Pdfpages driver for XeTeX (AM)
)
\pdfpages@includegraphics@status=\count372
\AM@pagebox=\box94
\AM@global@opts=\toks42
\AM@pagecnt=\count373
\AM@toc@title=\toks43
\c@AM@survey=\count374
\AM@templatesizebox=\box95
)
(/nix/store/1m4rhd60j1fh2n9xl9irp07a2zigx4h6-texlive-combined-full-2021-final/s
hare/texmf/tex/latex/enumitem/enumitem.sty
Package: enumitem 2019/06/20 v3.9 Customized lists
\labelindent=\skip260
\enit@outerparindent=\dimen325
\enit@toks=\toks44
\enit@inbox=\box96
\enit@count@id=\count375
\enitdp@description=\count376
)
\phraseparskip=\skip261

(/nix/store/1m4rhd60j1fh2n9xl9irp07a2zigx4h6-texlive-combined-full-2021-final/s
hare/texmf/tex/latex/wrapfig/wrapfig.sty
\wrapoverhang=\dimen326
\WF@size=\dimen327
\c@WF@wrappedlines=\count377
\WF@box=\box97
\WF@everypar=\toks45
Package: wrapfig 2003/01/31  v 3.6
)
No file the-waves.aux.
\openout1 = `the-waves.aux'.

LaTeX Font Info:    Checking defaults for OML/cmm/m/it on input line 246.
LaTeX Font Info:    ... okay on input line 246.
LaTeX Font Info:    Checking defaults for OMS/cmsy/m/n on input line 246.
LaTeX Font Info:    ... okay on input line 246.
LaTeX Font Info:    Checking defaults for OT1/cmr/m/n on input line 246.
LaTeX Font Info:    ... okay on input line 246.
LaTeX Font Info:    Checking defaults for T1/cmr/m/n on input line 246.
LaTeX Font Info:    ... okay on input line 246.
LaTeX Font Info:    Checking defaults for TS1/cmr/m/n on input line 246.
LaTeX Font Info:    Trying to load font information for TS1+cmr on input line 2
46.

(/nix/store/1m4rhd60j1fh2n9xl9irp07a2zigx4h6-texlive-combined-full-2021-final/s
hare/texmf/tex/latex/base/ts1cmr.fd
File: ts1cmr.fd 2019/12/16 v2.5j Standard LaTeX font definitions
)
LaTeX Font Info:    ... okay on input line 246.
LaTeX Font Info:    Checking defaults for TU/lmr/m/n on input line 246.
LaTeX Font Info:    ... okay on input line 246.
LaTeX Font Info:    Checking defaults for OMX/cmex/m/n on input line 246.
LaTeX Font Info:    ... okay on input line 246.
LaTeX Font Info:    Checking defaults for U/cmr/m/n on input line 246.
LaTeX Font Info:    ... okay on input line 246.
LaTeX Font Info:    Checking defaults for T3/cmr/m/n on input line 246.
LaTeX Font Info:    Trying to load font information for T3+cmr on input line 24
6.

(/nix/store/1m4rhd60j1fh2n9xl9irp07a2zigx4h6-texlive-combined-full-2021-final/s
hare/texmf/tex/latex/tipa/t3cmr.fd
File: t3cmr.fd 2001/12/31 TIPA font definitions
)
LaTeX Font Info:    ... okay on input line 246.
LaTeX Font Info:    Checking defaults for PD1/pdf/m/n on input line 246.
LaTeX Font Info:    ... okay on input line 246.
LaTeX Font Info:    Checking defaults for PU/pdf/m/n on input line 246.
LaTeX Font Info:    ... okay on input line 246.

*geometry* driver: auto-detecting
*geometry* detected driver: xetex
*geometry* verbose mode - [ preamble ] result:
* driver: xetex
* paper: a5paper
* layout: <same size as paper>
* layoutoffset:(h,v)=(0.0pt,0.0pt)
* modes: includefoot twoside 
* h-part:(L,W,R)=(39.58348pt, 352.04025pt, 29.47705pt)
* v-part:(T,H,B)=(56.94249pt, 513.08002pt, 27.48537pt)
* \paperwidth=421.10078pt
* \paperheight=597.50787pt
* \textwidth=352.04025pt
* \textheight=498.845pt
* \oddsidemargin=-32.68651pt
* \evensidemargin=-42.79294pt
* \topmargin=-48.8013pt
* \headheight=13.6pt
* \headsep=19.8738pt
* \topskip=11.0pt
* \footskip=14.23502pt
* \marginparwidth=51.0pt
* \marginparsep=7.0pt
* \columnsep=10.0pt
* \skip\footins=12.0pt plus 4.0pt minus 4.0pt
* \hoffset=0.0pt
* \voffset=0.0pt
* \mag=1000
* \@twocolumnfalse
* \@twosidetrue
* \@mparswitchtrue
* \@reversemarginfalse
* (1in=72.27pt=25.4mm, 1cm=28.453pt)


Package fontspec Info: Adjusting the maths setup (use [no-math] to avoid
(fontspec)             this).

\symlegacymaths=\mathgroup4
LaTeX Font Info:    Overwriting symbol font `legacymaths' in version `bold'
(Font)                  OT1/cmr/m/n --> OT1/cmr/bx/n on input line 246.
LaTeX Font Info:    Redeclaring math accent \acute on input line 246.
LaTeX Font Info:    Redeclaring math accent \grave on input line 246.
LaTeX Font Info:    Redeclaring math accent \ddot on input line 246.
LaTeX Font Info:    Redeclaring math accent \tilde on input line 246.
LaTeX Font Info:    Redeclaring math accent \bar on input line 246.
LaTeX Font Info:    Redeclaring math accent \breve on input line 246.
LaTeX Font Info:    Redeclaring math accent \check on input line 246.
LaTeX Font Info:    Redeclaring math accent \hat on input line 246.
LaTeX Font Info:    Redeclaring math accent \dot on input line 246.
LaTeX Font Info:    Redeclaring math accent \mathring on input line 246.
LaTeX Font Info:    Redeclaring math symbol \colon on input line 246.
LaTeX Font Info:    Redeclaring math symbol \Gamma on input line 246.
LaTeX Font Info:    Redeclaring math symbol \Delta on input line 246.
LaTeX Font Info:    Redeclaring math symbol \Theta on input line 246.
LaTeX Font Info:    Redeclaring math symbol \Lambda on input line 246.
LaTeX Font Info:    Redeclaring math symbol \Xi on input line 246.
LaTeX Font Info:    Redeclaring math symbol \Pi on input line 246.
LaTeX Font Info:    Redeclaring math symbol \Sigma on input line 246.
LaTeX Font Info:    Redeclaring math symbol \Upsilon on input line 246.
LaTeX Font Info:    Redeclaring math symbol \Phi on input line 246.
LaTeX Font Info:    Redeclaring math symbol \Psi on input line 246.
LaTeX Font Info:    Redeclaring math symbol \Omega on input line 246.
LaTeX Font Info:    Redeclaring math symbol \mathdollar on input line 246.
LaTeX Font Info:    Redeclaring symbol font `operators' on input line 246.
LaTeX Font Info:    Encoding `OT1' has changed to `TU' for symbol font
(Font)              `operators' in the math version `normal' on input line 246.

LaTeX Font Info:    Overwriting symbol font `operators' in version `normal'
(Font)                  OT1/cmr/m/n --> TU/SourceSansPro(0)/m/n on input line 2
46.
LaTeX Font Info:    Encoding `OT1' has changed to `TU' for symbol font
(Font)              `operators' in the math version `bold' on input line 246.
LaTeX Font Info:    Overwriting symbol font `operators' in version `bold'
(Font)                  OT1/cmr/bx/n --> TU/SourceSansPro(0)/m/n on input line 
246.
LaTeX Font Info:    Overwriting symbol font `operators' in version `normal'
(Font)                  TU/SourceSansPro(0)/m/n --> TU/SourceSansPro(0)/m/n on 
input line 246.
LaTeX Font Info:    Overwriting math alphabet `\mathit' in version `normal'
(Font)                  OT1/cmr/m/it --> TU/SourceSansPro(0)/m/it on input line
 246.
LaTeX Font Info:    Overwriting math alphabet `\mathbf' in version `normal'
(Font)                  OT1/cmr/bx/n --> TU/SourceSansPro(0)/b/n on input line 
246.
LaTeX Font Info:    Overwriting math alphabet `\mathsf' in version `normal'
(Font)                  OT1/cmss/m/n --> TU/lmss/m/n on input line 246.
LaTeX Font Info:    Overwriting math alphabet `\mathtt' in version `normal'
(Font)                  OT1/cmtt/m/n --> TU/lmtt/m/n on input line 246.
LaTeX Font Info:    Overwriting symbol font `operators' in version `bold'
(Font)                  TU/SourceSansPro(0)/m/n --> TU/SourceSansPro(0)/b/n on 
input line 246.
LaTeX Font Info:    Overwriting math alphabet `\mathit' in version `bold'
(Font)                  OT1/cmr/bx/it --> TU/SourceSansPro(0)/b/it on input lin
e 246.
LaTeX Font Info:    Overwriting math alphabet `\mathsf' in version `bold'
(Font)                  OT1/cmss/bx/n --> TU/lmss/b/n on input line 246.
LaTeX Font Info:    Overwriting math alphabet `\mathtt' in version `bold'
(Font)                  OT1/cmtt/m/n --> TU/lmtt/b/n on input line 246.
Package hyperref Info: Link coloring OFF on input line 246.

(/nix/store/1m4rhd60j1fh2n9xl9irp07a2zigx4h6-texlive-combined-full-2021-final/s
hare/texmf/tex/latex/hyperref/nameref.sty
Package: nameref 2021-04-02 v2.47 Cross-referencing by name of section

(/nix/store/1m4rhd60j1fh2n9xl9irp07a2zigx4h6-texlive-combined-full-2021-final/s
hare/texmf/tex/latex/refcount/refcount.sty
Package: refcount 2019/12/15 v3.6 Data extraction from label references (HO)
)
(/nix/store/1m4rhd60j1fh2n9xl9irp07a2zigx4h6-texlive-combined-full-2021-final/s
hare/texmf/tex/generic/gettitlestring/gettitlestring.sty
Package: gettitlestring 2019/12/15 v1.6 Cleanup title references (HO)
)
\c@section@level=\count378
)
Redoing nameref's sectioning
Redoing nameref's label
LaTeX Info: Redefining \nameref on input line 246.
LaTeX Info: Redefining \ref on input line 246.
LaTeX Info: Redefining \pageref on input line 246.
LaTeX Info: Redefining \nameref on input line 246.
\@outlinefile=\write5
\openout5 = `the-waves.out'.


Package hyperref Warning: Rerun to get /PageLabels entry.

Package caption Info: Begin \AtBeginDocument code.
Package caption Info: wrapfig package is loaded.
Package caption Info: End \AtBeginDocument code.

(/nix/store/1m4rhd60j1fh2n9xl9irp07a2zigx4h6-texlive-combined-full-2021-final/s
hare/texmf/tex/latex/pdflscape/pdflscape.sty
Package: pdflscape 2019/12/05 v0.12 Display of landscape pages in PDF (HO)

(/nix/store/1m4rhd60j1fh2n9xl9irp07a2zigx4h6-texlive-combined-full-2021-final/s
hare/texmf/tex/latex/graphics/lscape.sty
Package: lscape 2020/05/28 v3.02 Landscape Pages (DPC)
)
Package pdflscape Info: Auto-detected driver: dvipdfm (xetex) on input line 98.

)
LaTeX Font Info:    Font shape `TU/SourceSansPro(0)/m/n' will be
(Font)              scaled to size 19.51016pt on input line 250.

Overfull \hbox (0.85155pt too wide) in paragraph at lines 295--295
[]\TU/SourceSansPro(0)/m/n/10.95 16  
 []


Overfull \hbox (0.85155pt too wide) in paragraph at lines 311--311
 []\TU/SourceSansPro(0)/m/n/10.95 17
 []


Overfull \hbox (0.85155pt too wide) in paragraph at lines 311--311
[]\TU/SourceSansPro(0)/m/n/10.95 20  
 []


Overfull \hbox (0.85155pt too wide) in paragraph at lines 328--328
 []\TU/SourceSansPro(0)/m/n/10.95 21
 []


Overfull \hbox (0.85155pt too wide) in paragraph at lines 328--328
[]\TU/SourceSansPro(0)/m/n/10.95 24  
 []


Overfull \hbox (0.85155pt too wide) in paragraph at lines 345--345
 []\TU/SourceSansPro(0)/m/n/10.95 25
 []


Overfull \hbox (0.85155pt too wide) in paragraph at lines 345--345
[]\TU/SourceSansPro(0)/m/n/10.95 32  
 []

LaTeX Font Info:    Font shape `TU/SourceSansPro(0)/m/it' will be
(Font)              scaled to size 9.71072pt on input line 377.
[1

] (./the-waves.aux)

Package rerunfilecheck Warning: File `the-waves.out' has changed.
(rerunfilecheck)                Rerun to get outlines right
(rerunfilecheck)                or use package `bookmark'.

Package rerunfilecheck Info: Checksums for `the-waves.out':
(rerunfilecheck)             Before: <no file>
(rerunfilecheck)             After:  D41D8CD98F00B204E9800998ECF8427E;0.
 ) 
Here is how much of TeX's memory you used:
 34003 strings out of 476180
 710457 string characters out of 5785740
 1054746 words of memory out of 5000000
 54250 multiletter control sequences out of 15000+600000
 469779 words of font info for 49 fonts, out of 8000000 for 9000
 1348 hyphenation exceptions out of 8191
 88i,11n,119p,476b,320s stack positions out of 5000i,500n,10000p,200000b,80000s

Output written on the-waves.pdf (1 page).
